<?xml version="1.0" encoding="UTF-8"?>
<robot generator="Robot 7.1.1 (Python 3.12.13 on linux)" generated="2026-08-10T05:06:49.212295" rpa="false" schemaversion="5">
<suite id="s1" name="E2E" source="/home/runner/work/cybersecurity-prep-project/cybersecurity-prep-project/tests/e2e">
<kw name="Stack Must Be Healthy" owner="EcommerceLibrary" type="SETUP">
<msg time="2026-08-10T05:06:49.372026" level="INFO">HTTP Request: GET http://localhost:8000/health "HTTP/1.1 200 OK"</msg>
<msg time="2026-08-10T05:06:49.392527" level="INFO">HTTP Request: GET http://localhost:8080/health "HTTP/1.1 200 OK"</msg>
<doc>Skip the suite when API or web health endpoints are unreachable.</doc>
<status status="PASS" start="2026-08-10T05:06:49.350601" elapsed="0.042247"/>
</kw>
<suite id="s1-s1" name="Access Control Negative" source="/home/runner/work/cybersecurity-prep-project/cybersecurity-prep-project/tests/e2e/access_control_negative.robot">
<test id="s1-s1-t1" name="Cross Tenant Catalog Access Is Denied" line="6">
<kw name="Get Current User Profile" owner="EcommerceLibrary">
<msg time="2026-08-10T05:06:49.447393" level="INFO">HTTP Request: POST http://localhost:8000/api/v1/auth/login "HTTP/1.1 200 OK"</msg>
<msg time="2026-08-10T05:06:49.452439" level="INFO">HTTP Request: GET http://localhost:8000/api/v1/auth/me "HTTP/1.1 200 OK"</msg>
<msg time="2026-08-10T05:06:49.452715" level="INFO">${owner} = {'id': 4, 'email': 'owner2@example.com', 'role': 'store_owner', 'full_name': 'Owen Owner', 'store_id': 2}</msg>
<var>${owner}</var>
<arg>store_owner_secondary</arg>
<status status="PASS" start="2026-08-10T05:06:49.395313" elapsed="0.057431"/>
</kw>
<kw name="Set Variable" owner="BuiltIn">
<msg time="2026-08-10T05:06:49.453163" level="INFO">${owner_store} = 2</msg>
<var>${owner_store}</var>
<arg>${owner}[store_id]</arg>
<doc>Returns the given values which can then be assigned to a variables.</doc>
<status status="PASS" start="2026-08-10T05:06:49.452913" elapsed="0.000274"/>
</kw>
<kw name="List Stores For Persona" owner="EcommerceLibrary">
<msg time="2026-08-10T05:06:49.500906" level="INFO">HTTP Request: POST http://localhost:8000/api/v1/auth/login "HTTP/1.1 200 OK"</msg>
<msg time="2026-08-10T05:06:49.505861" level="INFO">HTTP Request: GET http://localhost:8000/api/v1/stores "HTTP/1.1 200 OK"</msg>
<msg time="2026-08-10T05:06:49.506150" level="INFO">${stores} = [{'id': 1, 'public_id': '187282bd-e246-42ee-a75e-1e3d6dae7174', 'name': 'Northwind Outfitters', 'owner_user_id': 3}, {'id': 2, 'public_id': '1ad099e8-f0d8-43ae-8c75-32c60d346d03', 'name': 'Contoso Gad...</msg>
<var>${stores}</var>
<arg>admin</arg>
<status status="PASS" start="2026-08-10T05:06:49.453279" elapsed="0.052899"/>
</kw>
<for flavor="IN">
<iter>
<if>
<branch type="IF" condition="${store}[id] != ${owner_store}">
<kw name="Set Variable" owner="BuiltIn">
<msg time="2026-08-10T05:06:49.507157" level="INFO">${foreign_id} = 1</msg>
<var>${foreign_id}</var>
<arg>${store}[id]</arg>
<doc>Returns the given values which can then be assigned to a variables.</doc>
<status status="PASS" start="2026-08-10T05:06:49.506985" elapsed="0.000193"/>
</kw>
<break>
<status status="PASS" start="2026-08-10T05:06:49.507231" elapsed="0.000047"/>
</break>
<status status="PASS" start="2026-08-10T05:06:49.506721" elapsed="0.000590"/>
</branch>
<status status="PASS" start="2026-08-10T05:06:49.506700" elapsed="0.000673"/>
</if>
<var name="${store}">{'id': 1, 'public_id': '187282bd-e246-42ee-a75e-1e3d6dae7174', 'name': 'Northwind Outfitters', 'owner_user_id': 3}</var>
<status status="PASS" start="2026-08-10T05:06:49.506652" elapsed="0.000755"/>
</iter>
<var>${store}</var>
<value>@{stores}</value>
<status status="PASS" start="2026-08-10T05:06:49.506286" elapsed="0.001155"/>
</for>
<kw name="List Products For Store" owner="EcommerceLibrary">
<msg time="2026-08-10T05:06:49.511209" level="INFO">HTTP Request: GET http://localhost:8000/api/v1/stores/1/products "HTTP/1.1 403 Forbidden"</msg>
<arg>store_owner_secondary</arg>
<arg>${foreign_id}</arg>
<status status="PASS" start="2026-08-10T05:06:49.507532" elapsed="0.003917"/>
</kw>
<kw name="Last Api Status Should Be" owner="EcommerceLibrary">
<arg>403</arg>
<status status="PASS" start="2026-08-10T05:06:49.511552" elapsed="0.000115"/>
</kw>
<kw name="Web Login As Persona" owner="EcommerceLibrary">
<msg time="2026-08-10T05:06:49.598752" level="INFO">HTTP Request: POST http://localhost:8080/login "HTTP/1.1 303 See Other"</msg>
<msg time="2026-08-10T05:06:49.618711" level="INFO">HTTP Request: GET http://localhost:8080/dashboard "HTTP/1.1 200 OK"</msg>
<arg>store_owner_secondary</arg>
<doc>Authenticate via the Jinja login form and land on the dashboard.</doc>
<status status="PASS" start="2026-08-10T05:06:49.511749" elapsed="0.107236"/>
</kw>
<kw name="Web Open Path" owner="EcommerceLibrary">
<msg time="2026-08-10T05:06:49.636473" level="INFO">HTTP Request: GET http://localhost:8080/stores/1 "HTTP/1.1 403 Forbidden"</msg>
<arg>/stores/${foreign_id}</arg>
<status status="PASS" start="2026-08-10T05:06:49.619130" elapsed="0.017579"/>
</kw>
<kw name="Last Web Status Should Be" owner="EcommerceLibrary">
<arg>403</arg>
<status status="PASS" start="2026-08-10T05:06:49.636817" elapsed="0.000124"/>
</kw>
<tag>e2e</tag>
<tag>feature:catalog</tag>
<tag>negative</tag>
<tag>owasp:a01</tag>
<status status="PASS" start="2026-08-10T05:06:49.394830" elapsed="0.242230"/>
</test>
<test id="s1-s1-t2" name="Customer Cannot Access Admin Directory" line="24">
<kw name="Api Get" owner="EcommerceLibrary">
<msg time="2026-08-10T05:06:49.683813" level="INFO">HTTP Request: POST http://localhost:8000/api/v1/auth/login "HTTP/1.1 200 OK"</msg>
<msg time="2026-08-10T05:06:49.689212" level="INFO">HTTP Request: GET http://localhost:8000/api/v1/admin/users "HTTP/1.1 403 Forbidden"</msg>
<arg>/api/v1/admin/users</arg>
<arg>customer</arg>
<status status="PASS" start="2026-08-10T05:06:49.637673" elapsed="0.051828"/>
</kw>
<kw name="Last Api Status Should Be" owner="EcommerceLibrary">
<arg>403</arg>
<status status="PASS" start="2026-08-10T05:06:49.689659" elapsed="0.000163"/>
</kw>
<tag>e2e</tag>
<tag>feature:admin</tag>
<tag>negative</tag>
<tag>owasp:a01</tag>
<status status="PASS" start="2026-08-10T05:06:49.637344" elapsed="0.052608"/>
</test>
<test id="s1-s1-t3" name="Store Owner Cannot Place Checkout Order" line="29">
<kw name="Get Current User Profile" owner="EcommerceLibrary">
<msg time="2026-08-10T05:06:49.736454" level="INFO">HTTP Request: POST http://localhost:8000/api/v1/auth/login "HTTP/1.1 200 OK"</msg>
<msg time="2026-08-10T05:06:49.740846" level="INFO">HTTP Request: GET http://localhost:8000/api/v1/auth/me "HTTP/1.1 200 OK"</msg>
<msg time="2026-08-10T05:06:49.741158" level="INFO">${owner} = {'id': 3, 'email': 'owner1@example.com', 'role': 'store_owner', 'full_name': 'Olivia Owner', 'store_id': 1}</msg>
<var>${owner}</var>
<arg>store_owner_primary</arg>
<status status="PASS" start="2026-08-10T05:06:49.690554" elapsed="0.050633"/>
</kw>
<kw name="Set Variable" owner="BuiltIn">
<msg time="2026-08-10T05:06:49.741560" level="INFO">${store_id} = 1</msg>
<var>${store_id}</var>
<arg>${owner}[store_id]</arg>
<doc>Returns the given values which can then be assigned to a variables.</doc>
<status status="PASS" start="2026-08-10T05:06:49.741368" elapsed="0.000212"/>
</kw>
<kw name="List Products For Store" owner="EcommerceLibrary">
<msg time="2026-08-10T05:06:49.746846" level="INFO">HTTP Request: GET http://localhost:8000/api/v1/stores/1/products "HTTP/1.1 200 OK"</msg>
<msg time="2026-08-10T05:06:49.747106" level="INFO">${products} = [{'id': 1, 'store_id': 1, 'name': 'NW Trail Backpack', 'description': 'Durable daypack for daily carry.', 'price_cents': 8999, 'is_active': True, 'stock_quantity': 0}, {'id': 2, 'store_id': 1, 'name':...</msg>
<var>${products}</var>
<arg>store_owner_primary</arg>
<arg>${store_id}</arg>
<status status="PASS" start="2026-08-10T05:06:49.741679" elapsed="0.005450"/>
</kw>
<kw name="Last Api Status Should Be" owner="EcommerceLibrary">
<arg>200</arg>
<status status="PASS" start="2026-08-10T05:06:49.747224" elapsed="0.000151"/>
</kw>
<kw name="Set Variable" owner="BuiltIn">
<msg time="2026-08-10T05:06:49.747620" level="INFO">${product_id} = 1</msg>
<var>${product_id}</var>
<arg>${products}[0][id]</arg>
<doc>Returns the given values which can then be assigned to a variables.</doc>
<status status="PASS" start="2026-08-10T05:06:49.747468" elapsed="0.000238"/>
</kw>
<kw name="Api Post" owner="EcommerceLibrary">
<msg time="2026-08-10T05:06:49.751649" level="INFO">HTTP Request: POST http://localhost:8000/api/v1/stores/1/orders/checkout "HTTP/1.1 403 Forbidden"</msg>
<arg>/api/v1/stores/${store_id}/orders/checkout</arg>
<arg>store_owner_primary</arg>
<arg>{"lines":[{"product_id":${product_id},"quantity":1}],"shipping_address":"owner-denied"}</arg>
<status status="PASS" start="2026-08-10T05:06:49.747794" elapsed="0.004040"/>
</kw>
<kw name="Last Api Status Should Be" owner="EcommerceLibrary">
<arg>403</arg>
<status status="PASS" start="2026-08-10T05:06:49.751931" elapsed="0.000101"/>
</kw>
<tag>e2e</tag>
<tag>feature:checkout</tag>
<tag>negative</tag>
<tag>owasp:a01</tag>
<status status="PASS" start="2026-08-10T05:06:49.690194" elapsed="0.061935"/>
</test>
<test id="s1-s1-t4" name="Unauthenticated Api Access Is Rejected" line="40">
<kw name="Api Get" owner="EcommerceLibrary">
<msg time="2026-08-10T05:06:49.754592" level="INFO">HTTP Request: GET http://localhost:8000/api/v1/auth/me "HTTP/1.1 401 Unauthorized"</msg>
<arg>/api/v1/auth/me</arg>
<status status="PASS" start="2026-08-10T05:06:49.752743" elapsed="0.002035"/>
</kw>
<kw name="Last Api Status Should Be" owner="EcommerceLibrary">
<arg>401</arg>
<status status="PASS" start="2026-08-10T05:06:49.754865" elapsed="0.000100"/>
</kw>
<tag>e2e</tag>
<tag>feature:auth</tag>
<tag>negative</tag>
<tag>owasp:a01</tag>
<status status="PASS" start="2026-08-10T05:06:49.752375" elapsed="0.002677"/>
</test>
<doc>Negative E2E coverage for broken access control (OWASP A01).</doc>
<status status="PASS" start="2026-08-10T05:06:49.392961" elapsed="0.362543"/>
</suite>
<suite id="s1-s2" name="Admin Governance" source="/home/runner/work/cybersecurity-prep-project/cybersecurity-prep-project/tests/e2e/admin_governance.robot">
<test id="s1-s2-t1" name="Admin Governs Across Stores" line="6">
<kw name="Get Current User Profile" owner="EcommerceLibrary">
<msg time="2026-08-10T05:06:49.761188" level="INFO">HTTP Request: GET http://localhost:8000/api/v1/auth/me "HTTP/1.1 200 OK"</msg>
<msg time="2026-08-10T05:06:49.761440" level="INFO">${profile} = {'id': 1, 'email': 'admin@example.com', 'role': 'admin', 'full_name': 'Ada Admin', 'store_id': None}</msg>
<var>${profile}</var>
<arg>admin</arg>
<status status="PASS" start="2026-08-10T05:06:49.757961" elapsed="0.003502"/>
</kw>
<kw name="Should Be Equal" owner="BuiltIn">
<arg>${profile}[role]</arg>
<arg>admin</arg>
<doc>Fails if the given objects are unequal.</doc>
<status status="PASS" start="2026-08-10T05:06:49.761561" elapsed="0.000163"/>
</kw>
<kw name="List Stores For Persona" owner="EcommerceLibrary">
<msg time="2026-08-10T05:06:49.765681" level="INFO">HTTP Request: GET http://localhost:8000/api/v1/stores "HTTP/1.1 200 OK"</msg>
<msg time="2026-08-10T05:06:49.765901" level="INFO">${stores} = [{'id': 1, 'public_id': '187282bd-e246-42ee-a75e-1e3d6dae7174', 'name': 'Northwind Outfitters', 'owner_user_id': 3}, {'id': 2, 'public_id': '1ad099e8-f0d8-43ae-8c75-32c60d346d03', 'name': 'Contoso Gad...</msg>
<var>${stores}</var>
<arg>admin</arg>
<status status="PASS" start="2026-08-10T05:06:49.761809" elapsed="0.004115"/>
</kw>
<kw name="Get Length" owner="BuiltIn">
<msg time="2026-08-10T05:06:49.766123" level="INFO">Length is 3.</msg>
<msg time="2026-08-10T05:06:49.766182" level="INFO">${store_count} = 3</msg>
<var>${store_count}</var>
<arg>${stores}</arg>
<doc>Returns and logs the length of the given item as an integer.</doc>
<status status="PASS" start="2026-08-10T05:06:49.766016" elapsed="0.000184"/>
</kw>
<kw name="Should Be True" owner="BuiltIn">
<arg>${store_count} &gt;= 2</arg>
<doc>Fails if the given condition is not true.</doc>
<status status="PASS" start="2026-08-10T05:06:49.766282" elapsed="0.000248"/>
</kw>
<kw name="Api Get" owner="EcommerceLibrary">
<msg time="2026-08-10T05:06:49.771900" level="INFO">HTTP Request: GET http://localhost:8000/api/v1/admin/users "HTTP/1.1 200 OK"</msg>
<msg time="2026-08-10T05:06:49.772133" level="INFO">${users} = [{'id': 1, 'email': 'admin@example.com', 'role': 'admin', 'full_name': 'Ada Admin', 'store_id': None}, {'id': 2, 'email': 'delivery@example.com', 'role': 'delivery_manager', 'full_name': 'Dana Deliver...</msg>
<var>${users}</var>
<arg>/api/v1/admin/users</arg>
<arg>admin</arg>
<status status="PASS" start="2026-08-10T05:06:49.766618" elapsed="0.005538"/>
</kw>
<kw name="Last Api Status Should Be" owner="EcommerceLibrary">
<arg>200</arg>
<status status="PASS" start="2026-08-10T05:06:49.772246" elapsed="0.000129"/>
</kw>
<kw name="Should Not Be Empty" owner="BuiltIn">
<msg time="2026-08-10T05:06:49.772560" level="INFO">Length is 6.</msg>
<arg>${users}</arg>
<doc>Verifies that the given item is not empty.</doc>
<status status="PASS" start="2026-08-10T05:06:49.772458" elapsed="0.000137"/>
</kw>
<kw name="Create Store As Admin" owner="EcommerceLibrary">
<msg time="2026-08-10T05:06:49.776937" level="INFO">HTTP Request: POST http://localhost:8000/api/v1/stores "HTTP/1.1 201 Created"</msg>
<msg time="2026-08-10T05:06:49.777153" level="INFO">${created} = {'id': 4, 'public_id': '0b6af220-029a-4ee4-bef2-3adf790feb8f', 'name': 'E2E Store a6448d06', 'owner_user_id': None}</msg>
<var>${created}</var>
<status status="PASS" start="2026-08-10T05:06:49.772672" elapsed="0.004504"/>
</kw>
<kw name="Should Be Equal" owner="BuiltIn">
<arg>${created}[name]</arg>
<arg>${created}[name]</arg>
<doc>Fails if the given objects are unequal.</doc>
<status status="PASS" start="2026-08-10T05:06:49.777265" elapsed="0.000201"/>
</kw>
<kw name="Should Not Be Empty" owner="BuiltIn">
<msg time="2026-08-10T05:06:49.777657" level="INFO">Length is 36.</msg>
<arg>${created}[public_id]</arg>
<doc>Verifies that the given item is not empty.</doc>
<status status="PASS" start="2026-08-10T05:06:49.777554" elapsed="0.000137"/>
</kw>
<kw name="Set Variable" owner="BuiltIn">
<msg time="2026-08-10T05:06:49.777901" level="INFO">${store_one} = {'id': 1, 'public_id': '187282bd-e246-42ee-a75e-1e3d6dae7174', 'name': 'Northwind Outfitters', 'owner_user_id': 3}</msg>
<var>${store_one}</var>
<arg>${stores}[0]</arg>
<doc>Returns the given values which can then be assigned to a variables.</doc>
<status status="PASS" start="2026-08-10T05:06:49.777770" elapsed="0.000150"/>
</kw>
<kw name="Get Store Revenue" owner="EcommerceLibrary">
<msg time="2026-08-10T05:06:49.783933" level="INFO">HTTP Request: GET http://localhost:8000/api/v1/stores/187282bd-e246-42ee-a75e-1e3d6dae7174/revenue "HTTP/1.1 200 OK"</msg>
<msg time="2026-08-10T05:06:49.784152" level="INFO">${revenue} = {'store_public_id': '187282bd-e246-42ee-a75e-1e3d6dae7174', 'store_name': 'Northwind Outfitters', 'total_orders': 4, 'paid_orders': 4, 'gross_revenue_cents': 113990}</msg>
<var>${revenue}</var>
<arg>admin</arg>
<arg>${store_one}[public_id]</arg>
<status status="PASS" start="2026-08-10T05:06:49.777997" elapsed="0.006184"/>
</kw>
<kw name="Last Api Status Should Be" owner="EcommerceLibrary">
<arg>200</arg>
<status status="PASS" start="2026-08-10T05:06:49.784272" elapsed="0.000131"/>
</kw>
<kw name="List Products For Store" owner="EcommerceLibrary">
<msg time="2026-08-10T05:06:49.789242" level="INFO">HTTP Request: GET http://localhost:8000/api/v1/stores/1/products "HTTP/1.1 200 OK"</msg>
<msg time="2026-08-10T05:06:49.789525" level="INFO">${products} = [{'id': 1, 'store_id': 1, 'name': 'NW Trail Backpack', 'description': 'Durable daypack for daily carry.', 'price_cents': 8999, 'is_active': True, 'stock_quantity': 0}, {'id': 2, 'store_id': 1, 'name':...</msg>
<var>${products}</var>
<arg>admin</arg>
<arg>${store_one}[id]</arg>
<status status="PASS" start="2026-08-10T05:06:49.784483" elapsed="0.005065"/>
</kw>
<kw name="Last Api Status Should Be" owner="EcommerceLibrary">
<arg>200</arg>
<status status="PASS" start="2026-08-10T05:06:49.789637" elapsed="0.000099"/>
</kw>
<kw name="Web Login As Persona" owner="EcommerceLibrary">
<msg time="2026-08-10T05:06:49.845163" level="INFO">HTTP Request: POST http://localhost:8080/login "HTTP/1.1 303 See Other"</msg>
<msg time="2026-08-10T05:06:49.859520" level="INFO">HTTP Request: GET http://localhost:8080/dashboard "HTTP/1.1 200 OK"</msg>
<arg>admin</arg>
<doc>Authenticate via the Jinja login form and land on the dashboard.</doc>
<status status="PASS" start="2026-08-10T05:06:49.789814" elapsed="0.069976"/>
</kw>
<kw name="Last Web Body Should Contain" owner="EcommerceLibrary">
<arg>Stores</arg>
<status status="PASS" start="2026-08-10T05:06:49.859935" elapsed="0.000190"/>
</kw>
<kw name="Web Open Path" owner="EcommerceLibrary">
<msg time="2026-08-10T05:06:49.886516" level="INFO">HTTP Request: GET http://localhost:8080/stores/1 "HTTP/1.1 200 OK"</msg>
<arg>/stores/${store_one}[id]</arg>
<status status="PASS" start="2026-08-10T05:06:49.860267" elapsed="0.026499"/>
</kw>
<kw name="Last Web Status Should Be" owner="EcommerceLibrary">
<arg>200</arg>
<status status="PASS" start="2026-08-10T05:06:49.886873" elapsed="0.000122"/>
</kw>
<kw name="Web Open Path" owner="EcommerceLibrary">
<msg time="2026-08-10T05:06:49.924244" level="INFO">HTTP Request: GET http://localhost:8080/stores/1/orders "HTTP/1.1 200 OK"</msg>
<arg>/stores/${store_one}[id]/orders</arg>
<status status="PASS" start="2026-08-10T05:06:49.887074" elapsed="0.037479"/>
</kw>
<kw name="Last Web Status Should Be" owner="EcommerceLibrary">
<arg>200</arg>
<status status="PASS" start="2026-08-10T05:06:49.924682" elapsed="0.000131"/>
</kw>
<tag>e2e</tag>
<tag>feature:admin</tag>
<tag>persona:admin</tag>
<status status="PASS" start="2026-08-10T05:06:49.757588" elapsed="0.167335"/>
</test>
<doc>Admin cross-store governance journeys.</doc>
<status status="PASS" start="2026-08-10T05:06:49.755965" elapsed="0.169262"/>
</suite>
<suite id="s1-s3" name="Customer Purchase" source="/home/runner/work/cybersecurity-prep-project/cybersecurity-prep-project/tests/e2e/customer_purchase.robot">
<test id="s1-s3-t1" name="Customer Completes Purchase Lifecycle" line="6">
<kw name="Get Current User Profile" owner="EcommerceLibrary">
<msg time="2026-08-10T05:06:49.932264" level="INFO">HTTP Request: GET http://localhost:8000/api/v1/auth/me "HTTP/1.1 200 OK"</msg>
<msg time="2026-08-10T05:06:49.932530" level="INFO">${profile} = {'id': 5, 'email': 'customer1@example.com', 'role': 'customer', 'full_name': 'Carla Customer', 'store_id': 1}</msg>
<var>${profile}</var>
<arg>customer</arg>
<status status="PASS" start="2026-08-10T05:06:49.928046" elapsed="0.004508"/>
</kw>
<kw name="Should Be Equal" owner="BuiltIn">
<arg>${profile}[role]</arg>
<arg>customer</arg>
<doc>Fails if the given objects are unequal.</doc>
<status status="PASS" start="2026-08-10T05:06:49.932653" elapsed="0.000161"/>
</kw>
<kw name="Set Variable" owner="BuiltIn">
<msg time="2026-08-10T05:06:49.933036" level="INFO">${store_id} = 1</msg>
<var>${store_id}</var>
<arg>${profile}[store_id]</arg>
<doc>Returns the given values which can then be assigned to a variables.</doc>
<status status="PASS" start="2026-08-10T05:06:49.932906" elapsed="0.000149"/>
</kw>
<kw name="Should Be True" owner="BuiltIn">
<arg>${store_id} &gt; 0</arg>
<doc>Fails if the given condition is not true.</doc>
<status status="PASS" start="2026-08-10T05:06:49.933135" elapsed="0.000153"/>
</kw>
<kw name="List Products For Store" owner="EcommerceLibrary">
<msg time="2026-08-10T05:06:49.938609" level="INFO">HTTP Request: GET http://localhost:8000/api/v1/stores/1/products "HTTP/1.1 200 OK"</msg>
<msg time="2026-08-10T05:06:49.938872" level="INFO">${products} = [{'id': 1, 'store_id': 1, 'name': 'NW Trail Backpack', 'description': 'Durable daypack for daily carry.', 'price_cents': 8999, 'is_active': True, 'stock_quantity': 0}, {'id': 2, 'store_id': 1, 'name':...</msg>
<var>${products}</var>
<arg>customer</arg>
<arg>${store_id}</arg>
<status status="PASS" start="2026-08-10T05:06:49.933401" elapsed="0.005495"/>
</kw>
<kw name="Last Api Status Should Be" owner="EcommerceLibrary">
<arg>200</arg>
<status status="PASS" start="2026-08-10T05:06:49.938990" elapsed="0.000105"/>
</kw>
<kw name="Should Not Be Empty" owner="BuiltIn">
<msg time="2026-08-10T05:06:49.939280" level="INFO">Length is 12.</msg>
<arg>${products}</arg>
<doc>Verifies that the given item is not empty.</doc>
<status status="PASS" start="2026-08-10T05:06:49.939177" elapsed="0.000138"/>
</kw>
<kw name="Find In Stock Product" owner="EcommerceLibrary">
<msg time="2026-08-10T05:06:49.944296" level="INFO">HTTP Request: GET http://localhost:8000/api/v1/stores/1/products "HTTP/1.1 200 OK"</msg>
<msg time="2026-08-10T05:06:49.944604" level="INFO">${product} = {'id': 2, 'store_id': 1, 'name': 'NW Softshell Jacket', 'description': 'Wind-resistant layer for cool weather.', 'price_cents': 12999, 'is_active': True, 'stock_quantity': 25}</msg>
<var>${product}</var>
<arg>customer</arg>
<arg>${store_id}</arg>
<doc>Return an in-stock catalog item, creating one when the shelf is empty.</doc>
<status status="PASS" start="2026-08-10T05:06:49.939435" elapsed="0.005193"/>
</kw>
<kw name="Set Variable" owner="BuiltIn">
<msg time="2026-08-10T05:06:49.944884" level="INFO">${product_id} = 2</msg>
<var>${product_id}</var>
<arg>${product}[id]</arg>
<doc>Returns the given values which can then be assigned to a variables.</doc>
<status status="PASS" start="2026-08-10T05:06:49.944736" elapsed="0.000168"/>
</kw>
<kw name="Get Shipping Quote" owner="EcommerceLibrary">
<msg time="2026-08-10T05:06:49.948869" level="INFO">HTTP Request: POST http://localhost:8000/api/v1/shipping/quote "HTTP/1.1 200 OK"</msg>
<arg>customer</arg>
<status status="PASS" start="2026-08-10T05:06:49.944981" elapsed="0.004070"/>
</kw>
<kw name="Last Api Status Should Be" owner="EcommerceLibrary">
<arg>200</arg>
<status status="PASS" start="2026-08-10T05:06:49.949137" elapsed="0.000099"/>
</kw>
<kw name="Checkout Product For Customer" owner="EcommerceLibrary">
<msg time="2026-08-10T05:06:49.960199" level="INFO">HTTP Request: POST http://localhost:8000/api/v1/stores/1/orders/checkout "HTTP/1.1 201 Created"</msg>
<msg time="2026-08-10T05:06:49.960465" level="INFO">${checkout} = {'order': {'id': 9, 'store_id': 1, 'customer_user_id': 5, 'status': 'pending', 'customer_email': 'customer1@example.com', 'customer_full_name': 'Carla Customer', 'shipping_address': 'E2E Purchase Way ...</msg>
<var>${checkout}</var>
<arg>${store_id}</arg>
<arg>${product_id}</arg>
<arg>1</arg>
<status status="PASS" start="2026-08-10T05:06:49.949343" elapsed="0.011146"/>
</kw>
<kw name="Should Be Equal As Integers" owner="BuiltIn">
<arg>${checkout}[order][store_id]</arg>
<arg>${store_id}</arg>
<doc>Fails if objects are unequal after converting them to integers.</doc>
<status status="PASS" start="2026-08-10T05:06:49.960590" elapsed="0.000180"/>
</kw>
<kw name="Set Variable" owner="BuiltIn">
<msg time="2026-08-10T05:06:49.960990" level="INFO">${order_id} = 9</msg>
<var>${order_id}</var>
<arg>${checkout}[order][id]</arg>
<doc>Returns the given values which can then be assigned to a variables.</doc>
<status status="PASS" start="2026-08-10T05:06:49.960859" elapsed="0.000150"/>
</kw>
<kw name="Catenate" owner="BuiltIn">
<msg time="2026-08-10T05:06:49.961240" level="INFO">${order_marker} = #9</msg>
<var>${order_marker}</var>
<arg>SEPARATOR=</arg>
<arg>\#</arg>
<arg>${order_id}</arg>
<doc>Catenates the given items together and returns the resulted string.</doc>
<status status="PASS" start="2026-08-10T05:06:49.961088" elapsed="0.000170"/>
</kw>
<kw name="Api Get" owner="EcommerceLibrary">
<msg time="2026-08-10T05:06:49.968543" level="INFO">HTTP Request: GET http://localhost:8000/api/v1/stores/1/orders "HTTP/1.1 200 OK"</msg>
<msg time="2026-08-10T05:06:49.968793" level="INFO">${orders} = [{'id': 1, 'store_id': 1, 'customer_user_id': 5, 'status': 'pending', 'customer_email': 'customer1@example.com', 'customer_full_name': 'Carla Customer', 'shipping_address': '12 Pine Street, Seattle, W...</msg>
<var>${orders}</var>
<arg>/api/v1/stores/${store_id}/orders</arg>
<arg>customer</arg>
<status status="PASS" start="2026-08-10T05:06:49.961360" elapsed="0.007456"/>
</kw>
<kw name="Last Api Status Should Be" owner="EcommerceLibrary">
<arg>200</arg>
<status status="PASS" start="2026-08-10T05:06:49.968905" elapsed="0.000097"/>
</kw>
<kw name="Should Not Be Empty" owner="BuiltIn">
<msg time="2026-08-10T05:06:49.969236" level="INFO">Length is 5.</msg>
<arg>${orders}</arg>
<doc>Verifies that the given item is not empty.</doc>
<status status="PASS" start="2026-08-10T05:06:49.969129" elapsed="0.000142"/>
</kw>
<kw name="Web Login As Persona" owner="EcommerceLibrary">
<msg time="2026-08-10T05:06:50.024680" level="INFO">HTTP Request: POST http://localhost:8080/login "HTTP/1.1 303 See Other"</msg>
<msg time="2026-08-10T05:06:50.038631" level="INFO">HTTP Request: GET http://localhost:8080/dashboard "HTTP/1.1 200 OK"</msg>
<arg>customer</arg>
<doc>Authenticate via the Jinja login form and land on the dashboard.</doc>
<status status="PASS" start="2026-08-10T05:06:49.969380" elapsed="0.069792"/>
</kw>
<kw name="Last Web Status Should Be" owner="EcommerceLibrary">
<arg>200</arg>
<status status="PASS" start="2026-08-10T05:06:50.039347" elapsed="0.000171"/>
</kw>
<kw name="Last Web Body Should Contain" owner="EcommerceLibrary">
<arg>Stores</arg>
<status status="PASS" start="2026-08-10T05:06:50.039610" elapsed="0.000088"/>
</kw>
<kw name="Web Open Path" owner="EcommerceLibrary">
<msg time="2026-08-10T05:06:50.063855" level="INFO">HTTP Request: GET http://localhost:8080/stores/1 "HTTP/1.1 200 OK"</msg>
<arg>/stores/${store_id}</arg>
<status status="PASS" start="2026-08-10T05:06:50.039772" elapsed="0.024310"/>
</kw>
<kw name="Last Web Status Should Be" owner="EcommerceLibrary">
<arg>200</arg>
<status status="PASS" start="2026-08-10T05:06:50.064190" elapsed="0.000124"/>
</kw>
<kw name="Last Web Body Should Contain" owner="EcommerceLibrary">
<arg>Product catalog</arg>
<status status="PASS" start="2026-08-10T05:06:50.064434" elapsed="0.000090"/>
</kw>
<kw name="Web Open Path" owner="EcommerceLibrary">
<msg time="2026-08-10T05:06:50.089906" level="INFO">HTTP Request: GET http://localhost:8080/stores/1/orders "HTTP/1.1 200 OK"</msg>
<arg>/stores/${store_id}/orders</arg>
<status status="PASS" start="2026-08-10T05:06:50.064599" elapsed="0.025566"/>
</kw>
<kw name="Last Web Status Should Be" owner="EcommerceLibrary">
<arg>200</arg>
<status status="PASS" start="2026-08-10T05:06:50.090269" elapsed="0.000148"/>
</kw>
<kw name="Last Web Body Should Contain" owner="EcommerceLibrary">
<arg>${order_marker}</arg>
<status status="PASS" start="2026-08-10T05:06:50.090499" elapsed="0.000127"/>
</kw>
<tag>e2e</tag>
<tag>feature:checkout</tag>
<tag>persona:customer</tag>
<status status="PASS" start="2026-08-10T05:06:49.927446" elapsed="0.163278"/>
</test>
<doc>Customer purchase lifecycle across API checkout and web catalog.</doc>
<status status="PASS" start="2026-08-10T05:06:49.925762" elapsed="0.165235"/>
</suite>
<suite id="s1-s4" name="Delivery Privacy" source="/home/runner/work/cybersecurity-prep-project/cybersecurity-prep-project/tests/e2e/delivery_privacy.robot">
<test id="s1-s4-t1" name="Delivery Manager Sees Anonymized Orders Only" line="6">
<kw name="Get Current User Profile" owner="EcommerceLibrary">
<msg time="2026-08-10T05:06:50.096605" level="INFO">HTTP Request: GET http://localhost:8000/api/v1/auth/me "HTTP/1.1 200 OK"</msg>
<msg time="2026-08-10T05:06:50.096836" level="INFO">${customer} = {'id': 5, 'email': 'customer1@example.com', 'role': 'customer', 'full_name': 'Carla Customer', 'store_id': 1}</msg>
<var>${customer}</var>
<arg>customer</arg>
<status status="PASS" start="2026-08-10T05:06:50.093293" elapsed="0.003566"/>
</kw>
<kw name="Set Variable" owner="BuiltIn">
<msg time="2026-08-10T05:06:50.097097" level="INFO">${store_id} = 1</msg>
<var>${store_id}</var>
<arg>${customer}[store_id]</arg>
<doc>Returns the given values which can then be assigned to a variables.</doc>
<status status="PASS" start="2026-08-10T05:06:50.096954" elapsed="0.000162"/>
</kw>
<kw name="Find In Stock Product" owner="EcommerceLibrary">
<msg time="2026-08-10T05:06:50.101994" level="INFO">HTTP Request: GET http://localhost:8000/api/v1/stores/1/products "HTTP/1.1 200 OK"</msg>
<msg time="2026-08-10T05:06:50.102236" level="INFO">${product} = {'id': 2, 'store_id': 1, 'name': 'NW Softshell Jacket', 'description': 'Wind-resistant layer for cool weather.', 'price_cents': 12999, 'is_active': True, 'stock_quantity': 24}</msg>
<var>${product}</var>
<arg>customer</arg>
<arg>${store_id}</arg>
<doc>Return an in-stock catalog item, creating one when the shelf is empty.</doc>
<status status="PASS" start="2026-08-10T05:06:50.097196" elapsed="0.005063"/>
</kw>
<kw name="Set Variable" owner="BuiltIn">
<msg time="2026-08-10T05:06:50.102554" level="INFO">${product_id} = 2</msg>
<var>${product_id}</var>
<arg>${product}[id]</arg>
<doc>Returns the given values which can then be assigned to a variables.</doc>
<status status="PASS" start="2026-08-10T05:06:50.102395" elapsed="0.000179"/>
</kw>
<kw name="Checkout Product For Customer" owner="EcommerceLibrary">
<msg time="2026-08-10T05:06:50.113370" level="INFO">HTTP Request: POST http://localhost:8000/api/v1/stores/1/orders/checkout "HTTP/1.1 201 Created"</msg>
<msg time="2026-08-10T05:06:50.113607" level="INFO">${checkout} = {'order': {'id': 10, 'store_id': 1, 'customer_user_id': 5, 'status': 'pending', 'customer_email': 'customer1@example.com', 'customer_full_name': 'Carla Customer', 'shipping_address': 'E2E Purchase Way...</msg>
<var>${checkout}</var>
<arg>${store_id}</arg>
<arg>${product_id}</arg>
<arg>1</arg>
<status status="PASS" start="2026-08-10T05:06:50.102656" elapsed="0.010974"/>
</kw>
<kw name="Set Variable" owner="BuiltIn">
<msg time="2026-08-10T05:06:50.113878" level="INFO">${order_id} = 10</msg>
<var>${order_id}</var>
<arg>${checkout}[order][id]</arg>
<doc>Returns the given values which can then be assigned to a variables.</doc>
<status status="PASS" start="2026-08-10T05:06:50.113730" elapsed="0.000168"/>
</kw>
<kw name="Set Variable" owner="BuiltIn">
<msg time="2026-08-10T05:06:50.114118" level="INFO">${customer_email} = customer1@example.com</msg>
<var>${customer_email}</var>
<arg>${customer}[email]</arg>
<doc>Returns the given values which can then be assigned to a variables.</doc>
<status status="PASS" start="2026-08-10T05:06:50.113987" elapsed="0.000150"/>
</kw>
<kw name="Catenate" owner="BuiltIn">
<msg time="2026-08-10T05:06:50.114398" level="INFO">${order_marker} = #10</msg>
<var>${order_marker}</var>
<arg>SEPARATOR=</arg>
<arg>\#</arg>
<arg>${order_id}</arg>
<doc>Catenates the given items together and returns the resulted string.</doc>
<status status="PASS" start="2026-08-10T05:06:50.114217" elapsed="0.000201"/>
</kw>
<kw name="Api Get" owner="EcommerceLibrary">
<msg time="2026-08-10T05:06:50.160425" level="INFO">HTTP Request: POST http://localhost:8000/api/v1/auth/login "HTTP/1.1 200 OK"</msg>
<msg time="2026-08-10T05:06:50.168409" level="INFO">HTTP Request: GET http://localhost:8000/api/v1/stores/1/orders "HTTP/1.1 200 OK"</msg>
<msg time="2026-08-10T05:06:50.168735" level="INFO">${orders} = [{'id': 1, 'store_id': 1, 'status': 'pending', 'lines': [{'id': 1, 'product_id': 1, 'quantity': 1, 'unit_price_cents': 8999}, {'id': 2, 'product_id': 2, 'quantity': 2, 'unit_price_cents': 12999}], 'no...</msg>
<var>${orders}</var>
<arg>/api/v1/stores/${store_id}/orders</arg>
<arg>delivery_manager</arg>
<status status="PASS" start="2026-08-10T05:06:50.114506" elapsed="0.054256"/>
</kw>
<kw name="Last Api Status Should Be" owner="EcommerceLibrary">
<arg>200</arg>
<status status="PASS" start="2026-08-10T05:06:50.168907" elapsed="0.000145"/>
</kw>
<kw name="Should Not Be Empty" owner="BuiltIn">
<msg time="2026-08-10T05:06:50.169256" level="INFO">Length is 6.</msg>
<arg>${orders}</arg>
<doc>Verifies that the given item is not empty.</doc>
<status status="PASS" start="2026-08-10T05:06:50.169139" elapsed="0.000153"/>
</kw>
<kw name="Last Api Body Should Not Contain" owner="EcommerceLibrary">
<arg>customer_email</arg>
<status status="PASS" start="2026-08-10T05:06:50.169412" elapsed="0.000136"/>
</kw>
<kw name="Last Api Body Should Not Contain" owner="EcommerceLibrary">
<arg>shipping_address</arg>
<status status="PASS" start="2026-08-10T05:06:50.169624" elapsed="0.000080"/>
</kw>
<kw name="Last Api Body Should Not Contain" owner="EcommerceLibrary">
<arg>${customer_email}</arg>
<status status="PASS" start="2026-08-10T05:06:50.169773" elapsed="0.000107"/>
</kw>
<kw name="Get Shipping Quote" owner="EcommerceLibrary">
<msg time="2026-08-10T05:06:50.173796" level="INFO">HTTP Request: POST http://localhost:8000/api/v1/shipping/quote "HTTP/1.1 403 Forbidden"</msg>
<arg>delivery_manager</arg>
<status status="PASS" start="2026-08-10T05:06:50.170007" elapsed="0.003983"/>
</kw>
<kw name="Last Api Status Should Be" owner="EcommerceLibrary">
<arg>403</arg>
<status status="PASS" start="2026-08-10T05:06:50.174079" elapsed="0.000101"/>
</kw>
<kw name="Api Post" owner="EcommerceLibrary">
<msg time="2026-08-10T05:06:50.178059" level="INFO">HTTP Request: POST http://localhost:8000/api/v1/stores/1/orders/checkout "HTTP/1.1 403 Forbidden"</msg>
<arg>/api/v1/stores/${store_id}/orders/checkout</arg>
<arg>delivery_manager</arg>
<arg>{"lines":[{"product_id":${product_id},"quantity":1}],"shipping_address":"denied"}</arg>
<status status="PASS" start="2026-08-10T05:06:50.174255" elapsed="0.003988"/>
</kw>
<kw name="Last Api Status Should Be" owner="EcommerceLibrary">
<arg>403</arg>
<status status="PASS" start="2026-08-10T05:06:50.178373" elapsed="0.000118"/>
</kw>
<kw name="Web Login As Persona" owner="EcommerceLibrary">
<msg time="2026-08-10T05:06:50.239975" level="INFO">HTTP Request: POST http://localhost:8080/login "HTTP/1.1 303 See Other"</msg>
<msg time="2026-08-10T05:06:50.254417" level="INFO">HTTP Request: GET http://localhost:8080/dashboard "HTTP/1.1 200 OK"</msg>
<arg>delivery_manager</arg>
<doc>Authenticate via the Jinja login form and land on the dashboard.</doc>
<status status="PASS" start="2026-08-10T05:06:50.178575" elapsed="0.076107"/>
</kw>
<kw name="Web Open Path" owner="EcommerceLibrary">
<msg time="2026-08-10T05:06:50.280197" level="INFO">HTTP Request: GET http://localhost:8080/stores/1/orders "HTTP/1.1 200 OK"</msg>
<arg>/stores/${store_id}/orders</arg>
<status status="PASS" start="2026-08-10T05:06:50.254828" elapsed="0.025687"/>
</kw>
<kw name="Last Web Status Should Be" owner="EcommerceLibrary">
<arg>200</arg>
<status status="PASS" start="2026-08-10T05:06:50.280649" elapsed="0.000142"/>
</kw>
<kw name="Last Web Body Should Contain" owner="EcommerceLibrary">
<arg>(anonymized)</arg>
<status status="PASS" start="2026-08-10T05:06:50.280875" elapsed="0.000090"/>
</kw>
<kw name="Last Web Body Should Contain" owner="EcommerceLibrary">
<arg>${order_marker}</arg>
<status status="PASS" start="2026-08-10T05:06:50.281041" elapsed="0.000124"/>
</kw>
<kw name="Last Web Body Should Not Contain" owner="EcommerceLibrary">
<arg>${customer_email}</arg>
<status status="PASS" start="2026-08-10T05:06:50.281239" elapsed="0.000158"/>
</kw>
<tag>e2e</tag>
<tag>feature:orders</tag>
<tag>persona:delivery_manager</tag>
<status status="PASS" start="2026-08-10T05:06:50.092987" elapsed="0.188517"/>
</test>
<doc>Delivery-manager privacy-safe order visibility journeys.</doc>
<status status="PASS" start="2026-08-10T05:06:50.091454" elapsed="0.190333"/>
</suite>
<suite id="s1-s5" name="Security Misconfiguration" source="/home/runner/work/cybersecurity-prep-project/cybersecurity-prep-project/tests/e2e/security_misconfiguration.robot">
<test id="s1-s5-t1" name="Web Responses Emit CSP And HSTS" line="6">
<kw name="Web Open Path" owner="EcommerceLibrary">
<msg time="2026-08-10T05:06:50.287801" level="INFO">HTTP Request: GET http://localhost:8080/login "HTTP/1.1 200 OK"</msg>
<arg>/login</arg>
<status status="PASS" start="2026-08-10T05:06:50.284261" elapsed="0.003783"/>
</kw>
<kw name="Last Web Status Should Be" owner="EcommerceLibrary">
<arg>200</arg>
<status status="PASS" start="2026-08-10T05:06:50.288135" elapsed="0.000106"/>
</kw>
<kw name="Last Web Header Should Match" owner="EcommerceLibrary">
<arg>content-security-policy</arg>
<arg>default-src 'self'</arg>
<status status="PASS" start="2026-08-10T05:06:50.288316" elapsed="0.000208"/>
</kw>
<kw name="Last Web Header Should Match" owner="EcommerceLibrary">
<arg>content-security-policy</arg>
<arg>object-src 'none'</arg>
<status status="PASS" start="2026-08-10T05:06:50.288603" elapsed="0.000141"/>
</kw>
<kw name="Last Web Header Should Match" owner="EcommerceLibrary">
<arg>strict-transport-security</arg>
<arg>max-age=</arg>
<status status="PASS" start="2026-08-10T05:06:50.288818" elapsed="0.000136"/>
</kw>
<tag>e2e</tag>
<tag>feature:misconfig</tag>
<tag>negative</tag>
<tag>owasp:a02</tag>
<status status="PASS" start="2026-08-10T05:06:50.283894" elapsed="0.005149"/>
</test>
<test id="s1-s5-t2" name="Web Session Cookie Is Marked Secure" line="14">
<kw name="Capture Web Login Set Cookie" owner="EcommerceLibrary">
<msg time="2026-08-10T05:06:50.362506" level="INFO">HTTP Request: POST http://localhost:8080/login "HTTP/1.1 303 See Other"</msg>
<msg time="2026-08-10T05:06:50.363114" level="INFO">${cookie} = session=eyJhY2Nlc3NfdG9rZW4iOiAiZXlKaGJHY2lPaUpJVXpJMU5pSXNJblI1Y0NJNklrcFhWQ0o5LmV5SnpkV0lpT2lJMUlpd2laVzFoYVd3aU9pSmpkWE4wYjIxbGNqRkFaWGhoYlhCc1pTNWpiMjBpTENKeWIyeGxJam9pWTNWemRHOXRaWElpTENKcFlYUWlP...</msg>
<var>${cookie}</var>
<arg>customer</arg>
<doc>Login without following redirects so Set-Cookie can be inspected.</doc>
<status status="PASS" start="2026-08-10T05:06:50.289552" elapsed="0.073605"/>
</kw>
<kw name="Should Contain" owner="BuiltIn">
<arg>${cookie.lower()}</arg>
<arg>secure</arg>
<doc>Fails if ``container`` does not contain ``item`` one or more times.</doc>
<status status="PASS" start="2026-08-10T05:06:50.363359" elapsed="0.000508"/>
</kw>
<kw name="Should Contain" owner="BuiltIn">
<arg>${cookie.lower()}</arg>
<arg>httponly</arg>
<doc>Fails if ``container`` does not contain ``item`` one or more times.</doc>
<status status="PASS" start="2026-08-10T05:06:50.363973" elapsed="0.000396"/>
</kw>
<tag>e2e</tag>
<tag>feature:misconfig</tag>
<tag>negative</tag>
<tag>owasp:a02</tag>
<status status="PASS" start="2026-08-10T05:06:50.289247" elapsed="0.075233"/>
</test>
<test id="s1-s5-t3" name="Api Health Remains Public While Auth Stays Protected" line="20">
<kw name="Api Get" owner="EcommerceLibrary">
<msg time="2026-08-10T05:06:50.366714" level="INFO">HTTP Request: GET http://localhost:8000/health "HTTP/1.1 200 OK"</msg>
<msg time="2026-08-10T05:06:50.366952" level="INFO">${health} = {'status': 'ok', 'version': '0.1.0'}</msg>
<var>${health}</var>
<arg>/health</arg>
<status status="PASS" start="2026-08-10T05:06:50.365086" elapsed="0.001888"/>
</kw>
<kw name="Last Api Status Should Be" owner="EcommerceLibrary">
<arg>200</arg>
<status status="PASS" start="2026-08-10T05:06:50.367066" elapsed="0.000110"/>
</kw>
<kw name="Should Be Equal" owner="BuiltIn">
<arg>${health}[status]</arg>
<arg>ok</arg>
<doc>Fails if the given objects are unequal.</doc>
<status status="PASS" start="2026-08-10T05:06:50.367270" elapsed="0.000180"/>
</kw>
<kw name="Api Get" owner="EcommerceLibrary">
<msg time="2026-08-10T05:06:50.369503" level="INFO">HTTP Request: GET http://localhost:8000/api/v1/admin/users "HTTP/1.1 401 Unauthorized"</msg>
<arg>/api/v1/admin/users</arg>
<status status="PASS" start="2026-08-10T05:06:50.367530" elapsed="0.002161"/>
</kw>
<kw name="Last Api Status Should Be" owner="EcommerceLibrary">
<arg>401</arg>
<status status="PASS" start="2026-08-10T05:06:50.369778" elapsed="0.000101"/>
</kw>
<tag>e2e</tag>
<tag>feature:misconfig</tag>
<tag>owasp:a02</tag>
<status status="PASS" start="2026-08-10T05:06:50.364698" elapsed="0.005267"/>
</test>
<doc>E2E checks for security misconfiguration hardening (OWASP A02).</doc>
<status status="PASS" start="2026-08-10T05:06:50.282188" elapsed="0.088065"/>
</suite>
<suite id="s1-s6" name="Store Owner Catalog" source="/home/runner/work/cybersecurity-prep-project/cybersecurity-prep-project/tests/e2e/store_owner_catalog.robot">
<test id="s1-s6-t1" name="Store Owner Manages Own Catalog And Orders" line="6">
<kw name="Get Current User Profile" owner="EcommerceLibrary">
<msg time="2026-08-10T05:06:50.376593" level="INFO">HTTP Request: GET http://localhost:8000/api/v1/auth/me "HTTP/1.1 200 OK"</msg>
<msg time="2026-08-10T05:06:50.376813" level="INFO">${profile} = {'id': 3, 'email': 'owner1@example.com', 'role': 'store_owner', 'full_name': 'Olivia Owner', 'store_id': 1}</msg>
<var>${profile}</var>
<arg>store_owner_primary</arg>
<status status="PASS" start="2026-08-10T05:06:50.372770" elapsed="0.004066"/>
</kw>
<kw name="Should Be Equal" owner="BuiltIn">
<arg>${profile}[role]</arg>
<arg>store_owner</arg>
<doc>Fails if the given objects are unequal.</doc>
<status status="PASS" start="2026-08-10T05:06:50.376971" elapsed="0.000159"/>
</kw>
<kw name="Set Variable" owner="BuiltIn">
<msg time="2026-08-10T05:06:50.377379" level="INFO">${store_id} = 1</msg>
<var>${store_id}</var>
<arg>${profile}[store_id]</arg>
<doc>Returns the given values which can then be assigned to a variables.</doc>
<status status="PASS" start="2026-08-10T05:06:50.377220" elapsed="0.000180"/>
</kw>
<kw name="Should Be True" owner="BuiltIn">
<arg>${store_id} &gt; 0</arg>
<doc>Fails if the given condition is not true.</doc>
<status status="PASS" start="2026-08-10T05:06:50.377483" elapsed="0.000153"/>
</kw>
<kw name="Create Product For Owner" owner="EcommerceLibrary">
<msg time="2026-08-10T05:06:50.386601" level="INFO">HTTP Request: POST http://localhost:8000/api/v1/stores/1/products "HTTP/1.1 201 Created"</msg>
<msg time="2026-08-10T05:06:50.386829" level="INFO">${product} = {'id': 25, 'store_id': 1, 'name': 'E2E Widget c54b8aa3', 'description': 'e2e catalog item', 'price_cents': 1500, 'is_active': True, 'stock_quantity': 25}</msg>
<var>${product}</var>
<arg>store_owner_primary</arg>
<arg>${store_id}</arg>
<status status="PASS" start="2026-08-10T05:06:50.377717" elapsed="0.009136"/>
</kw>
<kw name="Should Be Equal As Integers" owner="BuiltIn">
<arg>${product}[store_id]</arg>
<arg>${store_id}</arg>
<doc>Fails if objects are unequal after converting them to integers.</doc>
<status status="PASS" start="2026-08-10T05:06:50.386949" elapsed="0.000175"/>
</kw>
<kw name="Should Be Equal" owner="BuiltIn">
<arg>${product}[name]</arg>
<arg>${product}[name]</arg>
<doc>Fails if the given objects are unequal.</doc>
<status status="PASS" start="2026-08-10T05:06:50.387211" elapsed="0.000191"/>
</kw>
<kw name="List Products For Store" owner="EcommerceLibrary">
<msg time="2026-08-10T05:06:50.392391" level="INFO">HTTP Request: GET http://localhost:8000/api/v1/stores/1/products "HTTP/1.1 200 OK"</msg>
<msg time="2026-08-10T05:06:50.392640" level="INFO">${products} = [{'id': 1, 'store_id': 1, 'name': 'NW Trail Backpack', 'description': 'Durable daypack for daily carry.', 'price_cents': 8999, 'is_active': True, 'stock_quantity': 0}, {'id': 2, 'store_id': 1, 'name':...</msg>
<var>${products}</var>
<arg>store_owner_primary</arg>
<arg>${store_id}</arg>
<status status="PASS" start="2026-08-10T05:06:50.387486" elapsed="0.005177"/>
</kw>
<kw name="Last Api Status Should Be" owner="EcommerceLibrary">
<arg>200</arg>
<status status="PASS" start="2026-08-10T05:06:50.392752" elapsed="0.000099"/>
</kw>
<kw name="Should Not Be Empty" owner="BuiltIn">
<msg time="2026-08-10T05:06:50.393027" level="INFO">Length is 13.</msg>
<arg>${products}</arg>
<doc>Verifies that the given item is not empty.</doc>
<status status="PASS" start="2026-08-10T05:06:50.392930" elapsed="0.000131"/>
</kw>
<kw name="Get Current User Profile" owner="EcommerceLibrary">
<msg time="2026-08-10T05:06:50.396231" level="INFO">HTTP Request: GET http://localhost:8000/api/v1/auth/me "HTTP/1.1 200 OK"</msg>
<msg time="2026-08-10T05:06:50.396483" level="INFO">${customer_profile} = {'id': 5, 'email': 'customer1@example.com', 'role': 'customer', 'full_name': 'Carla Customer', 'store_id': 1}</msg>
<var>${customer_profile}</var>
<arg>customer</arg>
<status status="PASS" start="2026-08-10T05:06:50.393135" elapsed="0.003371"/>
</kw>
<kw name="Set Variable" owner="BuiltIn">
<msg time="2026-08-10T05:06:50.396773" level="INFO">${customer_store} = 1</msg>
<var>${customer_store}</var>
<arg>${customer_profile}[store_id]</arg>
<doc>Returns the given values which can then be assigned to a variables.</doc>
<status status="PASS" start="2026-08-10T05:06:50.396599" elapsed="0.000195"/>
</kw>
<kw name="Find In Stock Product" owner="EcommerceLibrary">
<msg time="2026-08-10T05:06:50.401496" level="INFO">HTTP Request: GET http://localhost:8000/api/v1/stores/1/products "HTTP/1.1 200 OK"</msg>
<msg time="2026-08-10T05:06:50.401735" level="INFO">${product} = {'id': 2, 'store_id': 1, 'name': 'NW Softshell Jacket', 'description': 'Wind-resistant layer for cool weather.', 'price_cents': 12999, 'is_active': True, 'stock_quantity': 23}</msg>
<var>${product}</var>
<arg>customer</arg>
<arg>${customer_store}</arg>
<doc>Return an in-stock catalog item, creating one when the shelf is empty.</doc>
<status status="PASS" start="2026-08-10T05:06:50.396877" elapsed="0.004881"/>
</kw>
<kw name="Set Variable" owner="BuiltIn">
<msg time="2026-08-10T05:06:50.401997" level="INFO">${customer_product_id} = 2</msg>
<var>${customer_product_id}</var>
<arg>${product}[id]</arg>
<doc>Returns the given values which can then be assigned to a variables.</doc>
<status status="PASS" start="2026-08-10T05:06:50.401856" elapsed="0.000161"/>
</kw>
<kw name="Checkout Product For Customer" owner="EcommerceLibrary">
<msg time="2026-08-10T05:06:50.413040" level="INFO">HTTP Request: POST http://localhost:8000/api/v1/stores/1/orders/checkout "HTTP/1.1 201 Created"</msg>
<msg time="2026-08-10T05:06:50.413289" level="INFO">${checkout} = {'order': {'id': 11, 'store_id': 1, 'customer_user_id': 5, 'status': 'pending', 'customer_email': 'customer1@example.com', 'customer_full_name': 'Carla Customer', 'shipping_address': 'E2E Purchase Way...</msg>
<var>${checkout}</var>
<arg>${customer_store}</arg>
<arg>${customer_product_id}</arg>
<arg>1</arg>
<status status="PASS" start="2026-08-10T05:06:50.402097" elapsed="0.011217"/>
</kw>
<kw name="Set Variable" owner="BuiltIn">
<msg time="2026-08-10T05:06:50.413606" level="INFO">${order_id} = 11</msg>
<var>${order_id}</var>
<arg>${checkout}[order][id]</arg>
<doc>Returns the given values which can then be assigned to a variables.</doc>
<status status="PASS" start="2026-08-10T05:06:50.413453" elapsed="0.000173"/>
</kw>
<if>
<branch type="IF" condition="${store_id} == ${customer_store}">
<kw name="Update Order Status" owner="EcommerceLibrary">
<msg time="2026-08-10T05:06:50.423237" level="INFO">HTTP Request: PATCH http://localhost:8000/api/v1/orders/11/status "HTTP/1.1 200 OK"</msg>
<arg>store_owner_primary</arg>
<arg>${order_id}</arg>
<arg>confirmed</arg>
<status status="PASS" start="2026-08-10T05:06:50.413897" elapsed="0.009573"/>
</kw>
<kw name="Last Api Status Should Be" owner="EcommerceLibrary">
<arg>200</arg>
<status status="PASS" start="2026-08-10T05:06:50.423572" elapsed="0.000109"/>
</kw>
<status status="PASS" start="2026-08-10T05:06:50.413714" elapsed="0.009998"/>
</branch>
<status status="PASS" start="2026-08-10T05:06:50.413688" elapsed="0.010057"/>
</if>
<kw name="Web Login As Persona" owner="EcommerceLibrary">
<msg time="2026-08-10T05:06:50.480594" level="INFO">HTTP Request: POST http://localhost:8080/login "HTTP/1.1 303 See Other"</msg>
<msg time="2026-08-10T05:06:50.496344" level="INFO">HTTP Request: GET http://localhost:8080/dashboard "HTTP/1.1 200 OK"</msg>
<arg>store_owner_primary</arg>
<doc>Authenticate via the Jinja login form and land on the dashboard.</doc>
<status status="PASS" start="2026-08-10T05:06:50.423824" elapsed="0.072797"/>
</kw>
<kw name="Web Open Path" owner="EcommerceLibrary">
<msg time="2026-08-10T05:06:50.520769" level="INFO">HTTP Request: GET http://localhost:8080/stores/1 "HTTP/1.1 200 OK"</msg>
<arg>/stores/${store_id}</arg>
<status status="PASS" start="2026-08-10T05:06:50.496770" elapsed="0.024254"/>
</kw>
<kw name="Last Web Status Should Be" owner="EcommerceLibrary">
<arg>200</arg>
<status status="PASS" start="2026-08-10T05:06:50.521168" elapsed="0.000175"/>
</kw>
<kw name="Last Web Body Should Contain" owner="EcommerceLibrary">
<arg>${product}[name]</arg>
<status status="PASS" start="2026-08-10T05:06:50.521436" elapsed="0.000137"/>
</kw>
<kw name="Web Open Path" owner="EcommerceLibrary">
<msg time="2026-08-10T05:06:50.547381" level="INFO">HTTP Request: GET http://localhost:8080/stores/1/orders "HTTP/1.1 200 OK"</msg>
<arg>/stores/${store_id}/orders</arg>
<status status="PASS" start="2026-08-10T05:06:50.521650" elapsed="0.025990"/>
</kw>
<kw name="Last Web Status Should Be" owner="EcommerceLibrary">
<arg>200</arg>
<status status="PASS" start="2026-08-10T05:06:50.547752" elapsed="0.000123"/>
</kw>
<kw name="Last Web Body Should Contain" owner="EcommerceLibrary">
<arg>Orders</arg>
<status status="PASS" start="2026-08-10T05:06:50.548002" elapsed="0.000088"/>
</kw>
<tag>e2e</tag>
<tag>feature:catalog</tag>
<tag>persona:store_owner</tag>
<status status="PASS" start="2026-08-10T05:06:50.372398" elapsed="0.175801"/>
</test>
<doc>Store-owner catalog and order management journeys.</doc>
<status status="PASS" start="2026-08-10T05:06:50.370784" elapsed="0.177711"/>
</suite>
<doc>E2E suite root: require a healthy seeded API + web stack.</doc>
<status status="PASS" start="2026-08-10T05:06:49.213090" elapsed="1.335932"/>
</suite>
<statistics>
<total>
<stat pass="11" fail="0" skip="0">All Tests</stat>
</total>
<tag>
<stat pass="11" fail="0" skip="0">e2e</stat>
<stat pass="2" fail="0" skip="0">feature:admin</stat>
<stat pass="1" fail="0" skip="0">feature:auth</stat>
<stat pass="2" fail="0" skip="0">feature:catalog</stat>
<stat pass="2" fail="0" skip="0">feature:checkout</stat>
<stat pass="3" fail="0" skip="0">feature:misconfig</stat>
<stat pass="1" fail="0" skip="0">feature:orders</stat>
<stat pass="6" fail="0" skip="0">negative</stat>
<stat pass="4" fail="0" skip="0">owasp:a01</stat>
<stat pass="3" fail="0" skip="0">owasp:a02</stat>
<stat pass="1" fail="0" skip="0">persona:admin</stat>
<stat pass="1" fail="0" skip="0">persona:customer</stat>
<stat pass="1" fail="0" skip="0">persona:delivery_manager</stat>
<stat pass="1" fail="0" skip="0">persona:store_owner</stat>
</tag>
<suite>
<stat pass="11" fail="0" skip="0" id="s1" name="E2E">E2E</stat>
<stat pass="4" fail="0" skip="0" id="s1-s1" name="Access Control Negative">E2E.Access Control Negative</stat>
<stat pass="1" fail="0" skip="0" id="s1-s2" name="Admin Governance">E2E.Admin Governance</stat>
<stat pass="1" fail="0" skip="0" id="s1-s3" name="Customer Purchase">E2E.Customer Purchase</stat>
<stat pass="1" fail="0" skip="0" id="s1-s4" name="Delivery Privacy">E2E.Delivery Privacy</stat>
<stat pass="3" fail="0" skip="0" id="s1-s5" name="Security Misconfiguration">E2E.Security Misconfiguration</stat>
<stat pass="1" fail="0" skip="0" id="s1-s6" name="Store Owner Catalog">E2E.Store Owner Catalog</stat>
</suite>
</statistics>
<errors>
</errors>
</robot>
