<?xml version="1.0" encoding="utf-8"?><testsuites name="pytest tests"><testsuite name="pytest" errors="0" failures="0" skipped="0" tests="4" time="0.899" timestamp="2026-08-29T10:19:49.599566+00:00" hostname="runnervmgx7h7"><testcase classname="tests.performance.test_extended_load" name="test_list_orders_scales_for_admin_and_delivery" time="0.430" /><testcase classname="tests.performance.test_extended_load" name="test_checkout_burst_under_slo" time="0.051" /><testcase classname="tests.performance.test_extended_load" name="test_shipping_quote_burst_under_slo" time="0.012" /><testcase classname="tests.performance.test_extended_load" name="test_argon2_login_burst_under_slo" time="0.308" /></testsuite></testsuites>