<?xml version="1.0" encoding="UTF-8"?>
<robot generator="Robot 7.1.1 (Python 3.12.14 on linux)" generated="2026-09-02T08:04:36.155286" rpa="false" schemaversion="5">
<suite id="s1" name="E2E" source="/home/runner/work/cybersecurity-prep-project/cybersecurity-prep-project/tests/e2e">
<kw name="Stack Must Be Healthy" owner="EcommerceLibrary" type="SETUP">
<msg time="2026-09-02T08:04:36.317705" level="INFO">HTTP Request: GET http://localhost:8000/health "HTTP/1.1 200 OK"</msg>
<msg time="2026-09-02T08:04:36.338355" level="INFO">HTTP Request: GET http://localhost:8080/health "HTTP/1.1 200 OK"</msg>
<doc>Skip the suite when API or web health endpoints are unreachable.</doc>
<status status="PASS" start="2026-09-02T08:04:36.295496" elapsed="0.043188"/>
</kw>
<suite id="s1-s1" name="Access Control Negative" source="/home/runner/work/cybersecurity-prep-project/cybersecurity-prep-project/tests/e2e/access_control_negative.robot">
<test id="s1-s1-t1" name="Cross Tenant Catalog Access Is Denied" line="6">
<kw name="Get Current User Profile" owner="EcommerceLibrary">
<msg time="2026-09-02T08:04:36.391351" level="INFO">HTTP Request: POST http://localhost:8000/api/v1/auth/login "HTTP/1.1 200 OK"</msg>
<msg time="2026-09-02T08:04:36.395799" level="INFO">HTTP Request: GET http://localhost:8000/api/v1/auth/me "HTTP/1.1 200 OK"</msg>
<msg time="2026-09-02T08:04:36.397847" level="INFO">${owner} = {'id': 4, 'email': 'owner2@example.com', 'role': 'store_owner', 'full_name': 'Owen Owner', 'store_id': 2}</msg>
<var>${owner}</var>
<arg>store_owner_secondary</arg>
<status status="PASS" start="2026-09-02T08:04:36.341121" elapsed="0.056757"/>
</kw>
<kw name="Set Variable" owner="BuiltIn">
<msg time="2026-09-02T08:04:36.398289" level="INFO">${owner_store} = 2</msg>
<var>${owner_store}</var>
<arg>${owner}[store_id]</arg>
<doc>Returns the given values which can then be assigned to a variables.</doc>
<status status="PASS" start="2026-09-02T08:04:36.398086" elapsed="0.000225"/>
</kw>
<kw name="List Stores For Persona" owner="EcommerceLibrary">
<msg time="2026-09-02T08:04:36.448782" level="INFO">HTTP Request: POST http://localhost:8000/api/v1/auth/login "HTTP/1.1 200 OK"</msg>
<msg time="2026-09-02T08:04:36.453938" level="INFO">HTTP Request: GET http://localhost:8000/api/v1/stores "HTTP/1.1 200 OK"</msg>
<msg time="2026-09-02T08:04:36.454238" level="INFO">${stores} = [{'id': 1, 'public_id': '4e895c52-7a49-48d2-bc85-e1fbfd4d0995', 'name': 'Northwind Outfitters', 'owner_user_id': 3}, {'id': 2, 'public_id': '6b9344b2-a87a-496e-87ed-1a73c3cf9e99', 'name': 'Contoso Gad...</msg>
<var>${stores}</var>
<arg>admin</arg>
<status status="PASS" start="2026-09-02T08:04:36.398397" elapsed="0.055868"/>
</kw>
<for flavor="IN">
<iter>
<if>
<branch type="IF" condition="${store}[id] != ${owner_store}">
<kw name="Set Variable" owner="BuiltIn">
<msg time="2026-09-02T08:04:36.455188" level="INFO">${foreign_id} = 1</msg>
<var>${foreign_id}</var>
<arg>${store}[id]</arg>
<doc>Returns the given values which can then be assigned to a variables.</doc>
<status status="PASS" start="2026-09-02T08:04:36.454975" elapsed="0.000234"/>
</kw>
<break>
<status status="PASS" start="2026-09-02T08:04:36.455258" elapsed="0.000046"/>
</break>
<status status="PASS" start="2026-09-02T08:04:36.454724" elapsed="0.000614"/>
</branch>
<status status="PASS" start="2026-09-02T08:04:36.454701" elapsed="0.000662"/>
</if>
<var name="${store}">{'id': 1, 'public_id': '4e895c52-7a49-48d2-bc85-e1fbfd4d0995', 'name': 'Northwind Outfitters', 'owner_user_id': 3}</var>
<status status="PASS" start="2026-09-02T08:04:36.454658" elapsed="0.000745"/>
</iter>
<var>${store}</var>
<value>@{stores}</value>
<status status="PASS" start="2026-09-02T08:04:36.454363" elapsed="0.001072"/>
</for>
<kw name="List Products For Store" owner="EcommerceLibrary">
<msg time="2026-09-02T08:04:36.459335" level="INFO">HTTP Request: GET http://localhost:8000/api/v1/stores/1/products "HTTP/1.1 403 Forbidden"</msg>
<arg>store_owner_secondary</arg>
<arg>${foreign_id}</arg>
<status status="PASS" start="2026-09-02T08:04:36.455517" elapsed="0.004001"/>
</kw>
<kw name="Last Api Status Should Be" owner="EcommerceLibrary">
<arg>403</arg>
<status status="PASS" start="2026-09-02T08:04:36.459609" elapsed="0.000104"/>
</kw>
<kw name="Web Login As Persona" owner="EcommerceLibrary">
<msg time="2026-09-02T08:04:36.550126" level="INFO">HTTP Request: POST http://localhost:8080/login "HTTP/1.1 303 See Other"</msg>
<msg time="2026-09-02T08:04:36.570977" level="INFO">HTTP Request: GET http://localhost:8080/dashboard "HTTP/1.1 200 OK"</msg>
<arg>store_owner_secondary</arg>
<doc>Authenticate via the Jinja login form and land on the dashboard.</doc>
<status status="PASS" start="2026-09-02T08:04:36.459792" elapsed="0.111535"/>
</kw>
<kw name="Web Open Path" owner="EcommerceLibrary">
<msg time="2026-09-02T08:04:36.588795" level="INFO">HTTP Request: GET http://localhost:8080/stores/1 "HTTP/1.1 403 Forbidden"</msg>
<arg>/stores/${foreign_id}</arg>
<status status="PASS" start="2026-09-02T08:04:36.571479" elapsed="0.017576"/>
</kw>
<kw name="Last Web Status Should Be" owner="EcommerceLibrary">
<arg>403</arg>
<status status="PASS" start="2026-09-02T08:04:36.589169" elapsed="0.000124"/>
</kw>
<tag>e2e</tag>
<tag>feature:catalog</tag>
<tag>negative</tag>
<tag>owasp:a01</tag>
<status status="PASS" start="2026-09-02T08:04:36.340701" elapsed="0.248715"/>
</test>
<test id="s1-s1-t2" name="Customer Cannot Access Admin Directory" line="24">
<kw name="Api Get" owner="EcommerceLibrary">
<msg time="2026-09-02T08:04:36.637861" level="INFO">HTTP Request: POST http://localhost:8000/api/v1/auth/login "HTTP/1.1 200 OK"</msg>
<msg time="2026-09-02T08:04:36.643952" level="INFO">HTTP Request: GET http://localhost:8000/api/v1/admin/users "HTTP/1.1 403 Forbidden"</msg>
<arg>/api/v1/admin/users</arg>
<arg>customer</arg>
<status status="PASS" start="2026-09-02T08:04:36.590037" elapsed="0.054187"/>
</kw>
<kw name="Last Api Status Should Be" owner="EcommerceLibrary">
<arg>403</arg>
<status status="PASS" start="2026-09-02T08:04:36.644392" elapsed="0.000156"/>
</kw>
<tag>e2e</tag>
<tag>feature:admin</tag>
<tag>negative</tag>
<tag>owasp:a01</tag>
<status status="PASS" start="2026-09-02T08:04:36.589682" elapsed="0.054984"/>
</test>
<test id="s1-s1-t3" name="Store Owner Cannot Place Checkout Order" line="29">
<kw name="Get Current User Profile" owner="EcommerceLibrary">
<msg time="2026-09-02T08:04:36.692534" level="INFO">HTTP Request: POST http://localhost:8000/api/v1/auth/login "HTTP/1.1 200 OK"</msg>
<msg time="2026-09-02T08:04:36.697164" level="INFO">HTTP Request: GET http://localhost:8000/api/v1/auth/me "HTTP/1.1 200 OK"</msg>
<msg time="2026-09-02T08:04:36.697486" level="INFO">${owner} = {'id': 3, 'email': 'owner1@example.com', 'role': 'store_owner', 'full_name': 'Olivia Owner', 'store_id': 1}</msg>
<var>${owner}</var>
<arg>store_owner_primary</arg>
<status status="PASS" start="2026-09-02T08:04:36.645238" elapsed="0.052274"/>
</kw>
<kw name="Set Variable" owner="BuiltIn">
<msg time="2026-09-02T08:04:36.697853" level="INFO">${store_id} = 1</msg>
<var>${store_id}</var>
<arg>${owner}[store_id]</arg>
<doc>Returns the given values which can then be assigned to a variables.</doc>
<status status="PASS" start="2026-09-02T08:04:36.697669" elapsed="0.000204"/>
</kw>
<kw name="List Products For Store" owner="EcommerceLibrary">
<msg time="2026-09-02T08:04:36.703354" level="INFO">HTTP Request: GET http://localhost:8000/api/v1/stores/1/products "HTTP/1.1 200 OK"</msg>
<msg time="2026-09-02T08:04:36.703625" level="INFO">${products} = [{'id': 1, 'store_id': 1, 'name': 'NW Trail Backpack', 'description': 'Durable daypack for daily carry.', 'price_cents': 8999, 'is_active': True, 'stock_quantity': 0}, {'id': 2, 'store_id': 1, 'name':...</msg>
<var>${products}</var>
<arg>store_owner_primary</arg>
<arg>${store_id}</arg>
<status status="PASS" start="2026-09-02T08:04:36.697965" elapsed="0.005683"/>
</kw>
<kw name="Last Api Status Should Be" owner="EcommerceLibrary">
<arg>200</arg>
<status status="PASS" start="2026-09-02T08:04:36.703749" elapsed="0.000117"/>
</kw>
<kw name="Set Variable" owner="BuiltIn">
<msg time="2026-09-02T08:04:36.704140" level="INFO">${product_id} = 1</msg>
<var>${product_id}</var>
<arg>${products}[0][id]</arg>
<doc>Returns the given values which can then be assigned to a variables.</doc>
<status status="PASS" start="2026-09-02T08:04:36.703953" elapsed="0.000294"/>
</kw>
<kw name="Api Post" owner="EcommerceLibrary">
<msg time="2026-09-02T08:04:36.708469" level="INFO">HTTP Request: POST http://localhost:8000/api/v1/stores/1/orders/checkout "HTTP/1.1 403 Forbidden"</msg>
<arg>/api/v1/stores/${store_id}/orders/checkout</arg>
<arg>store_owner_primary</arg>
<arg>{"lines":[{"product_id":${product_id},"quantity":1}],"shipping_address":"owner-denied"}</arg>
<status status="PASS" start="2026-09-02T08:04:36.704373" elapsed="0.004289"/>
</kw>
<kw name="Last Api Status Should Be" owner="EcommerceLibrary">
<arg>403</arg>
<status status="PASS" start="2026-09-02T08:04:36.708757" elapsed="0.000112"/>
</kw>
<tag>e2e</tag>
<tag>feature:checkout</tag>
<tag>negative</tag>
<tag>owasp:a01</tag>
<status status="PASS" start="2026-09-02T08:04:36.644914" elapsed="0.064055"/>
</test>
<test id="s1-s1-t4" name="Unauthenticated Api Access Is Rejected" line="40">
<kw name="Api Get" owner="EcommerceLibrary">
<msg time="2026-09-02T08:04:36.711562" level="INFO">HTTP Request: GET http://localhost:8000/api/v1/auth/me "HTTP/1.1 401 Unauthorized"</msg>
<arg>/api/v1/auth/me</arg>
<status status="PASS" start="2026-09-02T08:04:36.709593" elapsed="0.002151"/>
</kw>
<kw name="Last Api Status Should Be" owner="EcommerceLibrary">
<arg>401</arg>
<status status="PASS" start="2026-09-02T08:04:36.711833" elapsed="0.000102"/>
</kw>
<tag>e2e</tag>
<tag>feature:auth</tag>
<tag>negative</tag>
<tag>owasp:a01</tag>
<status status="PASS" start="2026-09-02T08:04:36.709227" elapsed="0.002833"/>
</test>
<doc>Negative E2E coverage for broken access control (OWASP A01).</doc>
<status status="PASS" start="2026-09-02T08:04:36.338808" elapsed="0.373693"/>
</suite>
<suite id="s1-s2" name="Admin Governance" source="/home/runner/work/cybersecurity-prep-project/cybersecurity-prep-project/tests/e2e/admin_governance.robot">
<test id="s1-s2-t1" name="Admin Governs Across Stores" line="6">
<kw name="Get Current User Profile" owner="EcommerceLibrary">
<msg time="2026-09-02T08:04:36.718493" level="INFO">HTTP Request: GET http://localhost:8000/api/v1/auth/me "HTTP/1.1 200 OK"</msg>
<msg time="2026-09-02T08:04:36.718720" level="INFO">${profile} = {'id': 1, 'email': 'admin@example.com', 'role': 'admin', 'full_name': 'Ada Admin', 'store_id': None}</msg>
<var>${profile}</var>
<arg>admin</arg>
<status status="PASS" start="2026-09-02T08:04:36.715066" elapsed="0.003677"/>
</kw>
<kw name="Should Be Equal" owner="BuiltIn">
<arg>${profile}[role]</arg>
<arg>admin</arg>
<doc>Fails if the given objects are unequal.</doc>
<status status="PASS" start="2026-09-02T08:04:36.718836" elapsed="0.000195"/>
</kw>
<kw name="List Stores For Persona" owner="EcommerceLibrary">
<msg time="2026-09-02T08:04:36.723352" level="INFO">HTTP Request: GET http://localhost:8000/api/v1/stores "HTTP/1.1 200 OK"</msg>
<msg time="2026-09-02T08:04:36.723574" level="INFO">${stores} = [{'id': 1, 'public_id': '4e895c52-7a49-48d2-bc85-e1fbfd4d0995', 'name': 'Northwind Outfitters', 'owner_user_id': 3}, {'id': 2, 'public_id': '6b9344b2-a87a-496e-87ed-1a73c3cf9e99', 'name': 'Contoso Gad...</msg>
<var>${stores}</var>
<arg>admin</arg>
<status status="PASS" start="2026-09-02T08:04:36.719118" elapsed="0.004479"/>
</kw>
<kw name="Get Length" owner="BuiltIn">
<msg time="2026-09-02T08:04:36.723791" level="INFO">Length is 3.</msg>
<msg time="2026-09-02T08:04:36.723848" level="INFO">${store_count} = 3</msg>
<var>${store_count}</var>
<arg>${stores}</arg>
<doc>Returns and logs the length of the given item as an integer.</doc>
<status status="PASS" start="2026-09-02T08:04:36.723689" elapsed="0.000176"/>
</kw>
<kw name="Should Be True" owner="BuiltIn">
<arg>${store_count} &gt;= 2</arg>
<doc>Fails if the given condition is not true.</doc>
<status status="PASS" start="2026-09-02T08:04:36.723945" elapsed="0.000269"/>
</kw>
<kw name="Api Get" owner="EcommerceLibrary">
<msg time="2026-09-02T08:04:36.729673" level="INFO">HTTP Request: GET http://localhost:8000/api/v1/admin/users "HTTP/1.1 200 OK"</msg>
<msg time="2026-09-02T08:04:36.729908" level="INFO">${users} = [{'id': 1, 'email': 'admin@example.com', 'role': 'admin', 'full_name': 'Ada Admin', 'store_id': None}, {'id': 2, 'email': 'delivery@example.com', 'role': 'delivery_manager', 'full_name': 'Dana Deliver...</msg>
<var>${users}</var>
<arg>/api/v1/admin/users</arg>
<arg>admin</arg>
<status status="PASS" start="2026-09-02T08:04:36.724303" elapsed="0.005628"/>
</kw>
<kw name="Last Api Status Should Be" owner="EcommerceLibrary">
<arg>200</arg>
<status status="PASS" start="2026-09-02T08:04:36.730046" elapsed="0.000100"/>
</kw>
<kw name="Should Not Be Empty" owner="BuiltIn">
<msg time="2026-09-02T08:04:36.730326" level="INFO">Length is 6.</msg>
<arg>${users}</arg>
<doc>Verifies that the given item is not empty.</doc>
<status status="PASS" start="2026-09-02T08:04:36.730227" elapsed="0.000132"/>
</kw>
<kw name="Create Store As Admin" owner="EcommerceLibrary">
<msg time="2026-09-02T08:04:36.735027" level="INFO">HTTP Request: POST http://localhost:8000/api/v1/stores "HTTP/1.1 201 Created"</msg>
<msg time="2026-09-02T08:04:36.735241" level="INFO">${created} = {'id': 4, 'public_id': '1a2290ec-f3db-4878-83e2-21ba339b18fb', 'name': 'E2E Store df3fb6da', 'owner_user_id': None}</msg>
<var>${created}</var>
<status status="PASS" start="2026-09-02T08:04:36.730434" elapsed="0.004829"/>
</kw>
<kw name="Should Be Equal" owner="BuiltIn">
<arg>${created}[name]</arg>
<arg>${created}[name]</arg>
<doc>Fails if the given objects are unequal.</doc>
<status status="PASS" start="2026-09-02T08:04:36.735352" elapsed="0.000167"/>
</kw>
<kw name="Should Not Be Empty" owner="BuiltIn">
<msg time="2026-09-02T08:04:36.735702" level="INFO">Length is 36.</msg>
<arg>${created}[public_id]</arg>
<doc>Verifies that the given item is not empty.</doc>
<status status="PASS" start="2026-09-02T08:04:36.735602" elapsed="0.000133"/>
</kw>
<kw name="Set Variable" owner="BuiltIn">
<msg time="2026-09-02T08:04:36.735938" level="INFO">${store_one} = {'id': 1, 'public_id': '4e895c52-7a49-48d2-bc85-e1fbfd4d0995', 'name': 'Northwind Outfitters', 'owner_user_id': 3}</msg>
<var>${store_one}</var>
<arg>${stores}[0]</arg>
<doc>Returns the given values which can then be assigned to a variables.</doc>
<status status="PASS" start="2026-09-02T08:04:36.735812" elapsed="0.000146"/>
</kw>
<kw name="Get Store Revenue" owner="EcommerceLibrary">
<msg time="2026-09-02T08:04:36.742629" level="INFO">HTTP Request: GET http://localhost:8000/api/v1/stores/4e895c52-7a49-48d2-bc85-e1fbfd4d0995/revenue "HTTP/1.1 200 OK"</msg>
<msg time="2026-09-02T08:04:36.742883" level="INFO">${revenue} = {'store_public_id': '4e895c52-7a49-48d2-bc85-e1fbfd4d0995', 'store_name': 'Northwind Outfitters', 'total_orders': 4, 'paid_orders': 4, 'gross_revenue_cents': 113990}</msg>
<var>${revenue}</var>
<arg>admin</arg>
<arg>${store_one}[public_id]</arg>
<status status="PASS" start="2026-09-02T08:04:36.736063" elapsed="0.006842"/>
</kw>
<kw name="Last Api Status Should Be" owner="EcommerceLibrary">
<arg>200</arg>
<status status="PASS" start="2026-09-02T08:04:36.743039" elapsed="0.000118"/>
</kw>
<kw name="List Products For Store" owner="EcommerceLibrary">
<msg time="2026-09-02T08:04:36.748575" level="INFO">HTTP Request: GET http://localhost:8000/api/v1/stores/1/products "HTTP/1.1 200 OK"</msg>
<msg time="2026-09-02T08:04:36.748838" level="INFO">${products} = [{'id': 1, 'store_id': 1, 'name': 'NW Trail Backpack', 'description': 'Durable daypack for daily carry.', 'price_cents': 8999, 'is_active': True, 'stock_quantity': 0}, {'id': 2, 'store_id': 1, 'name':...</msg>
<var>${products}</var>
<arg>admin</arg>
<arg>${store_one}[id]</arg>
<status status="PASS" start="2026-09-02T08:04:36.743236" elapsed="0.005624"/>
</kw>
<kw name="Last Api Status Should Be" owner="EcommerceLibrary">
<arg>200</arg>
<status status="PASS" start="2026-09-02T08:04:36.748950" elapsed="0.000129"/>
</kw>
<kw name="Web Login As Persona" owner="EcommerceLibrary">
<msg time="2026-09-02T08:04:36.807335" level="INFO">HTTP Request: POST http://localhost:8080/login "HTTP/1.1 303 See Other"</msg>
<msg time="2026-09-02T08:04:36.821884" level="INFO">HTTP Request: GET http://localhost:8080/dashboard "HTTP/1.1 200 OK"</msg>
<arg>admin</arg>
<doc>Authenticate via the Jinja login form and land on the dashboard.</doc>
<status status="PASS" start="2026-09-02T08:04:36.749160" elapsed="0.073031"/>
</kw>
<kw name="Last Web Body Should Contain" owner="EcommerceLibrary">
<arg>Stores</arg>
<status status="PASS" start="2026-09-02T08:04:36.822342" elapsed="0.000136"/>
</kw>
<kw name="Web Open Path" owner="EcommerceLibrary">
<msg time="2026-09-02T08:04:36.849580" level="INFO">HTTP Request: GET http://localhost:8080/stores/1 "HTTP/1.1 200 OK"</msg>
<arg>/stores/${store_one}[id]</arg>
<status status="PASS" start="2026-09-02T08:04:36.822563" elapsed="0.027314"/>
</kw>
<kw name="Last Web Status Should Be" owner="EcommerceLibrary">
<arg>200</arg>
<status status="PASS" start="2026-09-02T08:04:36.850058" elapsed="0.000148"/>
</kw>
<kw name="Web Open Path" owner="EcommerceLibrary">
<msg time="2026-09-02T08:04:36.889553" level="INFO">HTTP Request: GET http://localhost:8080/stores/1/orders "HTTP/1.1 200 OK"</msg>
<arg>/stores/${store_one}[id]/orders</arg>
<status status="PASS" start="2026-09-02T08:04:36.850283" elapsed="0.039547"/>
</kw>
<kw name="Last Web Status Should Be" owner="EcommerceLibrary">
<arg>200</arg>
<status status="PASS" start="2026-09-02T08:04:36.889970" elapsed="0.000174"/>
</kw>
<tag>e2e</tag>
<tag>feature:admin</tag>
<tag>persona:admin</tag>
<status status="PASS" start="2026-09-02T08:04:36.714678" elapsed="0.175585"/>
</test>
<doc>Admin cross-store governance journeys.</doc>
<status status="PASS" start="2026-09-02T08:04:36.713030" elapsed="0.177538"/>
</suite>
<suite id="s1-s3" name="Customer Purchase" source="/home/runner/work/cybersecurity-prep-project/cybersecurity-prep-project/tests/e2e/customer_purchase.robot">
<test id="s1-s3-t1" name="Customer Completes Purchase Lifecycle" line="6">
<kw name="Get Current User Profile" owner="EcommerceLibrary">
<msg time="2026-09-02T08:04:36.897643" level="INFO">HTTP Request: GET http://localhost:8000/api/v1/auth/me "HTTP/1.1 200 OK"</msg>
<msg time="2026-09-02T08:04:36.897878" level="INFO">${profile} = {'id': 5, 'email': 'customer1@example.com', 'role': 'customer', 'full_name': 'Carla Customer', 'store_id': 1}</msg>
<var>${profile}</var>
<arg>customer</arg>
<status status="PASS" start="2026-09-02T08:04:36.893358" elapsed="0.004543"/>
</kw>
<kw name="Should Be Equal" owner="BuiltIn">
<arg>${profile}[role]</arg>
<arg>customer</arg>
<doc>Fails if the given objects are unequal.</doc>
<status status="PASS" start="2026-09-02T08:04:36.898023" elapsed="0.000165"/>
</kw>
<kw name="Set Variable" owner="BuiltIn">
<msg time="2026-09-02T08:04:36.898401" level="INFO">${store_id} = 1</msg>
<var>${store_id}</var>
<arg>${profile}[store_id]</arg>
<doc>Returns the given values which can then be assigned to a variables.</doc>
<status status="PASS" start="2026-09-02T08:04:36.898275" elapsed="0.000145"/>
</kw>
<kw name="Should Be True" owner="BuiltIn">
<arg>${store_id} &gt; 0</arg>
<doc>Fails if the given condition is not true.</doc>
<status status="PASS" start="2026-09-02T08:04:36.898498" elapsed="0.000153"/>
</kw>
<kw name="List Products For Store" owner="EcommerceLibrary">
<msg time="2026-09-02T08:04:36.904100" level="INFO">HTTP Request: GET http://localhost:8000/api/v1/stores/1/products "HTTP/1.1 200 OK"</msg>
<msg time="2026-09-02T08:04:36.904352" level="INFO">${products} = [{'id': 1, 'store_id': 1, 'name': 'NW Trail Backpack', 'description': 'Durable daypack for daily carry.', 'price_cents': 8999, 'is_active': True, 'stock_quantity': 0}, {'id': 2, 'store_id': 1, 'name':...</msg>
<var>${products}</var>
<arg>customer</arg>
<arg>${store_id}</arg>
<status status="PASS" start="2026-09-02T08:04:36.898733" elapsed="0.005641"/>
</kw>
<kw name="Last Api Status Should Be" owner="EcommerceLibrary">
<arg>200</arg>
<status status="PASS" start="2026-09-02T08:04:36.904462" elapsed="0.000097"/>
</kw>
<kw name="Should Not Be Empty" owner="BuiltIn">
<msg time="2026-09-02T08:04:36.904735" level="INFO">Length is 12.</msg>
<arg>${products}</arg>
<doc>Verifies that the given item is not empty.</doc>
<status status="PASS" start="2026-09-02T08:04:36.904636" elapsed="0.000133"/>
</kw>
<kw name="Find In Stock Product" owner="EcommerceLibrary">
<msg time="2026-09-02T08:04:36.909675" level="INFO">HTTP Request: GET http://localhost:8000/api/v1/stores/1/products "HTTP/1.1 200 OK"</msg>
<msg time="2026-09-02T08:04:36.909921" level="INFO">${product} = {'id': 2, 'store_id': 1, 'name': 'NW Softshell Jacket', 'description': 'Wind-resistant layer for cool weather.', 'price_cents': 12999, 'is_active': True, 'stock_quantity': 25}</msg>
<var>${product}</var>
<arg>customer</arg>
<arg>${store_id}</arg>
<doc>Return an in-stock catalog item, creating one when the shelf is empty.</doc>
<status status="PASS" start="2026-09-02T08:04:36.904846" elapsed="0.005098"/>
</kw>
<kw name="Set Variable" owner="BuiltIn">
<msg time="2026-09-02T08:04:36.910208" level="INFO">${product_id} = 2</msg>
<var>${product_id}</var>
<arg>${product}[id]</arg>
<doc>Returns the given values which can then be assigned to a variables.</doc>
<status status="PASS" start="2026-09-02T08:04:36.910068" elapsed="0.000160"/>
</kw>
<kw name="Get Shipping Quote" owner="EcommerceLibrary">
<msg time="2026-09-02T08:04:36.914152" level="INFO">HTTP Request: POST http://localhost:8000/api/v1/shipping/quote "HTTP/1.1 200 OK"</msg>
<arg>customer</arg>
<status status="PASS" start="2026-09-02T08:04:36.910305" elapsed="0.004031"/>
</kw>
<kw name="Last Api Status Should Be" owner="EcommerceLibrary">
<arg>200</arg>
<status status="PASS" start="2026-09-02T08:04:36.914423" elapsed="0.000100"/>
</kw>
<kw name="Checkout Product For Customer" owner="EcommerceLibrary">
<msg time="2026-09-02T08:04:36.925980" level="INFO">HTTP Request: POST http://localhost:8000/api/v1/stores/1/orders/checkout "HTTP/1.1 201 Created"</msg>
<msg time="2026-09-02T08:04:36.926242" level="INFO">${checkout} = {'order': {'id': 9, 'store_id': 1, 'customer_user_id': 5, 'status': 'pending', 'customer_email': 'customer1@example.com', 'customer_full_name': 'Carla Customer', 'shipping_address': 'E2E Purchase Way ...</msg>
<var>${checkout}</var>
<arg>${store_id}</arg>
<arg>${product_id}</arg>
<arg>1</arg>
<status status="PASS" start="2026-09-02T08:04:36.914602" elapsed="0.011664"/>
</kw>
<kw name="Should Be Equal As Integers" owner="BuiltIn">
<arg>${checkout}[order][store_id]</arg>
<arg>${store_id}</arg>
<doc>Fails if objects are unequal after converting them to integers.</doc>
<status status="PASS" start="2026-09-02T08:04:36.926363" elapsed="0.000179"/>
</kw>
<kw name="Set Variable" owner="BuiltIn">
<msg time="2026-09-02T08:04:36.926756" level="INFO">${order_id} = 9</msg>
<var>${order_id}</var>
<arg>${checkout}[order][id]</arg>
<doc>Returns the given values which can then be assigned to a variables.</doc>
<status status="PASS" start="2026-09-02T08:04:36.926628" elapsed="0.000147"/>
</kw>
<kw name="Catenate" owner="BuiltIn">
<msg time="2026-09-02T08:04:36.927036" level="INFO">${order_marker} = #9</msg>
<var>${order_marker}</var>
<arg>SEPARATOR=</arg>
<arg>\#</arg>
<arg>${order_id}</arg>
<doc>Catenates the given items together and returns the resulted string.</doc>
<status status="PASS" start="2026-09-02T08:04:36.926852" elapsed="0.000205"/>
</kw>
<kw name="Api Get" owner="EcommerceLibrary">
<msg time="2026-09-02T08:04:36.934394" level="INFO">HTTP Request: GET http://localhost:8000/api/v1/stores/1/orders "HTTP/1.1 200 OK"</msg>
<msg time="2026-09-02T08:04:36.934652" level="INFO">${orders} = [{'id': 1, 'store_id': 1, 'customer_user_id': 5, 'status': 'pending', 'customer_email': 'customer1@example.com', 'customer_full_name': 'Carla Customer', 'shipping_address': '12 Pine Street, Seattle, W...</msg>
<var>${orders}</var>
<arg>/api/v1/stores/${store_id}/orders</arg>
<arg>customer</arg>
<status status="PASS" start="2026-09-02T08:04:36.927141" elapsed="0.007535"/>
</kw>
<kw name="Last Api Status Should Be" owner="EcommerceLibrary">
<arg>200</arg>
<status status="PASS" start="2026-09-02T08:04:36.934766" elapsed="0.000118"/>
</kw>
<kw name="Should Not Be Empty" owner="BuiltIn">
<msg time="2026-09-02T08:04:36.935148" level="INFO">Length is 5.</msg>
<arg>${orders}</arg>
<doc>Verifies that the given item is not empty.</doc>
<status status="PASS" start="2026-09-02T08:04:36.935039" elapsed="0.000146"/>
</kw>
<kw name="Web Login As Persona" owner="EcommerceLibrary">
<msg time="2026-09-02T08:04:36.993956" level="INFO">HTTP Request: POST http://localhost:8080/login "HTTP/1.1 303 See Other"</msg>
<msg time="2026-09-02T08:04:37.008857" level="INFO">HTTP Request: GET http://localhost:8080/dashboard "HTTP/1.1 200 OK"</msg>
<arg>customer</arg>
<doc>Authenticate via the Jinja login form and land on the dashboard.</doc>
<status status="PASS" start="2026-09-02T08:04:36.935263" elapsed="0.073939"/>
</kw>
<kw name="Last Web Status Should Be" owner="EcommerceLibrary">
<arg>200</arg>
<status status="PASS" start="2026-09-02T08:04:37.009357" elapsed="0.000150"/>
</kw>
<kw name="Last Web Body Should Contain" owner="EcommerceLibrary">
<arg>Stores</arg>
<status status="PASS" start="2026-09-02T08:04:37.009587" elapsed="0.000084"/>
</kw>
<kw name="Web Open Path" owner="EcommerceLibrary">
<msg time="2026-09-02T08:04:37.035523" level="INFO">HTTP Request: GET http://localhost:8080/stores/1 "HTTP/1.1 200 OK"</msg>
<arg>/stores/${store_id}</arg>
<status status="PASS" start="2026-09-02T08:04:37.009742" elapsed="0.026107"/>
</kw>
<kw name="Last Web Status Should Be" owner="EcommerceLibrary">
<arg>200</arg>
<status status="PASS" start="2026-09-02T08:04:37.036031" elapsed="0.000160"/>
</kw>
<kw name="Last Web Body Should Contain" owner="EcommerceLibrary">
<arg>Product catalog</arg>
<status status="PASS" start="2026-09-02T08:04:37.036274" elapsed="0.000085"/>
</kw>
<kw name="Web Open Path" owner="EcommerceLibrary">
<msg time="2026-09-02T08:04:37.063931" level="INFO">HTTP Request: GET http://localhost:8080/stores/1/orders "HTTP/1.1 200 OK"</msg>
<arg>/stores/${store_id}/orders</arg>
<status status="PASS" start="2026-09-02T08:04:37.036438" elapsed="0.027856"/>
</kw>
<kw name="Last Web Status Should Be" owner="EcommerceLibrary">
<arg>200</arg>
<status status="PASS" start="2026-09-02T08:04:37.064436" elapsed="0.000148"/>
</kw>
<kw name="Last Web Body Should Contain" owner="EcommerceLibrary">
<arg>${order_marker}</arg>
<status status="PASS" start="2026-09-02T08:04:37.064663" elapsed="0.000135"/>
</kw>
<tag>e2e</tag>
<tag>feature:checkout</tag>
<tag>persona:customer</tag>
<status status="PASS" start="2026-09-02T08:04:36.892962" elapsed="0.171945"/>
</test>
<doc>Customer purchase lifecycle across API checkout and web catalog.</doc>
<status status="PASS" start="2026-09-02T08:04:36.890986" elapsed="0.174259"/>
</suite>
<suite id="s1-s4" name="Delivery Privacy" source="/home/runner/work/cybersecurity-prep-project/cybersecurity-prep-project/tests/e2e/delivery_privacy.robot">
<test id="s1-s4-t1" name="Delivery Manager Sees Anonymized Orders Only" line="6">
<kw name="Get Current User Profile" owner="EcommerceLibrary">
<msg time="2026-09-02T08:04:37.071038" level="INFO">HTTP Request: GET http://localhost:8000/api/v1/auth/me "HTTP/1.1 200 OK"</msg>
<msg time="2026-09-02T08:04:37.071288" level="INFO">${customer} = {'id': 5, 'email': 'customer1@example.com', 'role': 'customer', 'full_name': 'Carla Customer', 'store_id': 1}</msg>
<var>${customer}</var>
<arg>customer</arg>
<status status="PASS" start="2026-09-02T08:04:37.067662" elapsed="0.003649"/>
</kw>
<kw name="Set Variable" owner="BuiltIn">
<msg time="2026-09-02T08:04:37.071555" level="INFO">${store_id} = 1</msg>
<var>${store_id}</var>
<arg>${customer}[store_id]</arg>
<doc>Returns the given values which can then be assigned to a variables.</doc>
<status status="PASS" start="2026-09-02T08:04:37.071412" elapsed="0.000162"/>
</kw>
<kw name="Find In Stock Product" owner="EcommerceLibrary">
<msg time="2026-09-02T08:04:37.076457" level="INFO">HTTP Request: GET http://localhost:8000/api/v1/stores/1/products "HTTP/1.1 200 OK"</msg>
<msg time="2026-09-02T08:04:37.076707" level="INFO">${product} = {'id': 2, 'store_id': 1, 'name': 'NW Softshell Jacket', 'description': 'Wind-resistant layer for cool weather.', 'price_cents': 12999, 'is_active': True, 'stock_quantity': 24}</msg>
<var>${product}</var>
<arg>customer</arg>
<arg>${store_id}</arg>
<doc>Return an in-stock catalog item, creating one when the shelf is empty.</doc>
<status status="PASS" start="2026-09-02T08:04:37.071655" elapsed="0.005075"/>
</kw>
<kw name="Set Variable" owner="BuiltIn">
<msg time="2026-09-02T08:04:37.076979" level="INFO">${product_id} = 2</msg>
<var>${product_id}</var>
<arg>${product}[id]</arg>
<doc>Returns the given values which can then be assigned to a variables.</doc>
<status status="PASS" start="2026-09-02T08:04:37.076826" elapsed="0.000200"/>
</kw>
<kw name="Checkout Product For Customer" owner="EcommerceLibrary">
<msg time="2026-09-02T08:04:37.087670" level="INFO">HTTP Request: POST http://localhost:8000/api/v1/stores/1/orders/checkout "HTTP/1.1 201 Created"</msg>
<msg time="2026-09-02T08:04:37.087901" level="INFO">${checkout} = {'order': {'id': 10, 'store_id': 1, 'customer_user_id': 5, 'status': 'pending', 'customer_email': 'customer1@example.com', 'customer_full_name': 'Carla Customer', 'shipping_address': 'E2E Purchase Way...</msg>
<var>${checkout}</var>
<arg>${store_id}</arg>
<arg>${product_id}</arg>
<arg>1</arg>
<status status="PASS" start="2026-09-02T08:04:37.077115" elapsed="0.010810"/>
</kw>
<kw name="Set Variable" owner="BuiltIn">
<msg time="2026-09-02T08:04:37.088194" level="INFO">${order_id} = 10</msg>
<var>${order_id}</var>
<arg>${checkout}[order][id]</arg>
<doc>Returns the given values which can then be assigned to a variables.</doc>
<status status="PASS" start="2026-09-02T08:04:37.088048" elapsed="0.000166"/>
</kw>
<kw name="Set Variable" owner="BuiltIn">
<msg time="2026-09-02T08:04:37.088426" level="INFO">${customer_email} = customer1@example.com</msg>
<var>${customer_email}</var>
<arg>${customer}[email]</arg>
<doc>Returns the given values which can then be assigned to a variables.</doc>
<status status="PASS" start="2026-09-02T08:04:37.088298" elapsed="0.000146"/>
</kw>
<kw name="Catenate" owner="BuiltIn">
<msg time="2026-09-02T08:04:37.088680" level="INFO">${order_marker} = #10</msg>
<var>${order_marker}</var>
<arg>SEPARATOR=</arg>
<arg>\#</arg>
<arg>${order_id}</arg>
<doc>Catenates the given items together and returns the resulted string.</doc>
<status status="PASS" start="2026-09-02T08:04:37.088533" elapsed="0.000165"/>
</kw>
<kw name="Api Get" owner="EcommerceLibrary">
<msg time="2026-09-02T08:04:37.136125" level="INFO">HTTP Request: POST http://localhost:8000/api/v1/auth/login "HTTP/1.1 200 OK"</msg>
<msg time="2026-09-02T08:04:37.144372" level="INFO">HTTP Request: GET http://localhost:8000/api/v1/stores/1/orders "HTTP/1.1 200 OK"</msg>
<msg time="2026-09-02T08:04:37.144719" level="INFO">${orders} = [{'id': 1, 'store_id': 1, 'status': 'pending', 'lines': [{'id': 1, 'product_id': 1, 'quantity': 1, 'unit_price_cents': 8999}, {'id': 2, 'product_id': 2, 'quantity': 2, 'unit_price_cents': 12999}], 'no...</msg>
<var>${orders}</var>
<arg>/api/v1/stores/${store_id}/orders</arg>
<arg>delivery_manager</arg>
<status status="PASS" start="2026-09-02T08:04:37.088777" elapsed="0.055971"/>
</kw>
<kw name="Last Api Status Should Be" owner="EcommerceLibrary">
<arg>200</arg>
<status status="PASS" start="2026-09-02T08:04:37.144902" elapsed="0.000191"/>
</kw>
<kw name="Should Not Be Empty" owner="BuiltIn">
<msg time="2026-09-02T08:04:37.145320" level="INFO">Length is 6.</msg>
<arg>${orders}</arg>
<doc>Verifies that the given item is not empty.</doc>
<status status="PASS" start="2026-09-02T08:04:37.145191" elapsed="0.000165"/>
</kw>
<kw name="Last Api Body Should Not Contain" owner="EcommerceLibrary">
<arg>customer_email</arg>
<status status="PASS" start="2026-09-02T08:04:37.145435" elapsed="0.000134"/>
</kw>
<kw name="Last Api Body Should Not Contain" owner="EcommerceLibrary">
<arg>shipping_address</arg>
<status status="PASS" start="2026-09-02T08:04:37.145642" elapsed="0.000085"/>
</kw>
<kw name="Last Api Body Should Not Contain" owner="EcommerceLibrary">
<arg>${customer_email}</arg>
<status status="PASS" start="2026-09-02T08:04:37.145797" elapsed="0.000112"/>
</kw>
<kw name="Get Shipping Quote" owner="EcommerceLibrary">
<msg time="2026-09-02T08:04:37.150230" level="INFO">HTTP Request: POST http://localhost:8000/api/v1/shipping/quote "HTTP/1.1 403 Forbidden"</msg>
<arg>delivery_manager</arg>
<status status="PASS" start="2026-09-02T08:04:37.146072" elapsed="0.004355"/>
</kw>
<kw name="Last Api Status Should Be" owner="EcommerceLibrary">
<arg>403</arg>
<status status="PASS" start="2026-09-02T08:04:37.150517" elapsed="0.000103"/>
</kw>
<kw name="Api Post" owner="EcommerceLibrary">
<msg time="2026-09-02T08:04:37.154698" level="INFO">HTTP Request: POST http://localhost:8000/api/v1/stores/1/orders/checkout "HTTP/1.1 403 Forbidden"</msg>
<arg>/api/v1/stores/${store_id}/orders/checkout</arg>
<arg>delivery_manager</arg>
<arg>{"lines":[{"product_id":${product_id},"quantity":1}],"shipping_address":"denied"}</arg>
<status status="PASS" start="2026-09-02T08:04:37.150695" elapsed="0.004186"/>
</kw>
<kw name="Last Api Status Should Be" owner="EcommerceLibrary">
<arg>403</arg>
<status status="PASS" start="2026-09-02T08:04:37.154974" elapsed="0.000130"/>
</kw>
<kw name="Web Login As Persona" owner="EcommerceLibrary">
<msg time="2026-09-02T08:04:37.219064" level="INFO">HTTP Request: POST http://localhost:8080/login "HTTP/1.1 303 See Other"</msg>
<msg time="2026-09-02T08:04:37.233647" level="INFO">HTTP Request: GET http://localhost:8080/dashboard "HTTP/1.1 200 OK"</msg>
<arg>delivery_manager</arg>
<doc>Authenticate via the Jinja login form and land on the dashboard.</doc>
<status status="PASS" start="2026-09-02T08:04:37.155188" elapsed="0.078777"/>
</kw>
<kw name="Web Open Path" owner="EcommerceLibrary">
<msg time="2026-09-02T08:04:37.259101" level="INFO">HTTP Request: GET http://localhost:8080/stores/1/orders "HTTP/1.1 200 OK"</msg>
<arg>/stores/${store_id}/orders</arg>
<status status="PASS" start="2026-09-02T08:04:37.234153" elapsed="0.025183"/>
</kw>
<kw name="Last Web Status Should Be" owner="EcommerceLibrary">
<arg>200</arg>
<status status="PASS" start="2026-09-02T08:04:37.259443" elapsed="0.000121"/>
</kw>
<kw name="Last Web Body Should Contain" owner="EcommerceLibrary">
<arg>(anonymized)</arg>
<status status="PASS" start="2026-09-02T08:04:37.259641" elapsed="0.000083"/>
</kw>
<kw name="Last Web Body Should Contain" owner="EcommerceLibrary">
<arg>${order_marker}</arg>
<status status="PASS" start="2026-09-02T08:04:37.259795" elapsed="0.000115"/>
</kw>
<kw name="Last Web Body Should Not Contain" owner="EcommerceLibrary">
<arg>${customer_email}</arg>
<status status="PASS" start="2026-09-02T08:04:37.259981" elapsed="0.000140"/>
</kw>
<tag>e2e</tag>
<tag>feature:orders</tag>
<tag>persona:delivery_manager</tag>
<status status="PASS" start="2026-09-02T08:04:37.067344" elapsed="0.192872"/>
</test>
<doc>Delivery-manager privacy-safe order visibility journeys.</doc>
<status status="PASS" start="2026-09-02T08:04:37.065688" elapsed="0.194850"/>
</suite>
<suite id="s1-s5" name="Security Misconfiguration" source="/home/runner/work/cybersecurity-prep-project/cybersecurity-prep-project/tests/e2e/security_misconfiguration.robot">
<test id="s1-s5-t1" name="Web Responses Emit CSP And HSTS" line="6">
<kw name="Web Open Path" owner="EcommerceLibrary">
<msg time="2026-09-02T08:04:37.266541" level="INFO">HTTP Request: GET http://localhost:8080/login "HTTP/1.1 200 OK"</msg>
<arg>/login</arg>
<status status="PASS" start="2026-09-02T08:04:37.263115" elapsed="0.003638"/>
</kw>
<kw name="Last Web Status Should Be" owner="EcommerceLibrary">
<arg>200</arg>
<status status="PASS" start="2026-09-02T08:04:37.266841" elapsed="0.000100"/>
</kw>
<kw name="Last Web Header Should Match" owner="EcommerceLibrary">
<arg>content-security-policy</arg>
<arg>default-src 'self'</arg>
<status status="PASS" start="2026-09-02T08:04:37.267047" elapsed="0.000172"/>
</kw>
<kw name="Last Web Header Should Match" owner="EcommerceLibrary">
<arg>content-security-policy</arg>
<arg>object-src 'none'</arg>
<status status="PASS" start="2026-09-02T08:04:37.267302" elapsed="0.000141"/>
</kw>
<kw name="Last Web Header Should Match" owner="EcommerceLibrary">
<arg>strict-transport-security</arg>
<arg>max-age=</arg>
<status status="PASS" start="2026-09-02T08:04:37.267514" elapsed="0.000142"/>
</kw>
<tag>e2e</tag>
<tag>feature:misconfig</tag>
<tag>negative</tag>
<tag>owasp:a02</tag>
<status status="PASS" start="2026-09-02T08:04:37.262735" elapsed="0.005007"/>
</test>
<test id="s1-s5-t2" name="Web Session Cookie Is Marked Secure" line="14">
<kw name="Capture Web Login Set Cookie" owner="EcommerceLibrary">
<msg time="2026-09-02T08:04:37.343132" level="INFO">HTTP Request: POST http://localhost:8080/login "HTTP/1.1 303 See Other"</msg>
<msg time="2026-09-02T08:04:37.343715" level="INFO">${cookie} = session=eyJhY2Nlc3NfdG9rZW4iOiAiZXlKaGJHY2lPaUpJVXpJMU5pSXNJblI1Y0NJNklrcFhWQ0o5LmV5SnpkV0lpT2lJMUlpd2laVzFoYVd3aU9pSmpkWE4wYjIxbGNqRkFaWGhoYlhCc1pTNWpiMjBpTENKeWIyeGxJam9pWTNWemRHOXRaWElpTENKcFlYUWlP...</msg>
<var>${cookie}</var>
<arg>customer</arg>
<doc>Login without following redirects so Set-Cookie can be inspected.</doc>
<status status="PASS" start="2026-09-02T08:04:37.268306" elapsed="0.075436"/>
</kw>
<kw name="Should Contain" owner="BuiltIn">
<arg>${cookie.lower()}</arg>
<arg>secure</arg>
<doc>Fails if ``container`` does not contain ``item`` one or more times.</doc>
<status status="PASS" start="2026-09-02T08:04:37.343952" elapsed="0.000535"/>
</kw>
<kw name="Should Contain" owner="BuiltIn">
<arg>${cookie.lower()}</arg>
<arg>httponly</arg>
<doc>Fails if ``container`` does not contain ``item`` one or more times.</doc>
<status status="PASS" start="2026-09-02T08:04:37.344581" elapsed="0.000344"/>
</kw>
<tag>e2e</tag>
<tag>feature:misconfig</tag>
<tag>negative</tag>
<tag>owasp:a02</tag>
<status status="PASS" start="2026-09-02T08:04:37.267950" elapsed="0.077119"/>
</test>
<test id="s1-s5-t3" name="Api Health Remains Public While Auth Stays Protected" line="20">
<kw name="Api Get" owner="EcommerceLibrary">
<msg time="2026-09-02T08:04:37.347167" level="INFO">HTTP Request: GET http://localhost:8000/health "HTTP/1.1 200 OK"</msg>
<msg time="2026-09-02T08:04:37.347387" level="INFO">${health} = {'status': 'ok', 'version': '0.1.0'}</msg>
<var>${health}</var>
<arg>/health</arg>
<status status="PASS" start="2026-09-02T08:04:37.345619" elapsed="0.001789"/>
</kw>
<kw name="Last Api Status Should Be" owner="EcommerceLibrary">
<arg>200</arg>
<status status="PASS" start="2026-09-02T08:04:37.347495" elapsed="0.000105"/>
</kw>
<kw name="Should Be Equal" owner="BuiltIn">
<arg>${health}[status]</arg>
<arg>ok</arg>
<doc>Fails if the given objects are unequal.</doc>
<status status="PASS" start="2026-09-02T08:04:37.347682" elapsed="0.000143"/>
</kw>
<kw name="Api Get" owner="EcommerceLibrary">
<msg time="2026-09-02T08:04:37.349843" level="INFO">HTTP Request: GET http://localhost:8000/api/v1/admin/users "HTTP/1.1 401 Unauthorized"</msg>
<arg>/api/v1/admin/users</arg>
<status status="PASS" start="2026-09-02T08:04:37.347901" elapsed="0.002168"/>
</kw>
<kw name="Last Api Status Should Be" owner="EcommerceLibrary">
<arg>401</arg>
<status status="PASS" start="2026-09-02T08:04:37.350158" elapsed="0.000099"/>
</kw>
<tag>e2e</tag>
<tag>feature:misconfig</tag>
<tag>owasp:a02</tag>
<status status="PASS" start="2026-09-02T08:04:37.345287" elapsed="0.005063"/>
</test>
<doc>E2E checks for security misconfiguration hardening (OWASP A02).</doc>
<status status="PASS" start="2026-09-02T08:04:37.261059" elapsed="0.089551"/>
</suite>
<suite id="s1-s6" name="Store Owner Catalog" source="/home/runner/work/cybersecurity-prep-project/cybersecurity-prep-project/tests/e2e/store_owner_catalog.robot">
<test id="s1-s6-t1" name="Store Owner Manages Own Catalog And Orders" line="6">
<kw name="Get Current User Profile" owner="EcommerceLibrary">
<msg time="2026-09-02T08:04:37.357088" level="INFO">HTTP Request: GET http://localhost:8000/api/v1/auth/me "HTTP/1.1 200 OK"</msg>
<msg time="2026-09-02T08:04:37.357300" level="INFO">${profile} = {'id': 3, 'email': 'owner1@example.com', 'role': 'store_owner', 'full_name': 'Olivia Owner', 'store_id': 1}</msg>
<var>${profile}</var>
<arg>store_owner_primary</arg>
<status status="PASS" start="2026-09-02T08:04:37.352879" elapsed="0.004444"/>
</kw>
<kw name="Should Be Equal" owner="BuiltIn">
<arg>${profile}[role]</arg>
<arg>store_owner</arg>
<doc>Fails if the given objects are unequal.</doc>
<status status="PASS" start="2026-09-02T08:04:37.357467" elapsed="0.000148"/>
</kw>
<kw name="Set Variable" owner="BuiltIn">
<msg time="2026-09-02T08:04:37.357829" level="INFO">${store_id} = 1</msg>
<var>${store_id}</var>
<arg>${profile}[store_id]</arg>
<doc>Returns the given values which can then be assigned to a variables.</doc>
<status status="PASS" start="2026-09-02T08:04:37.357701" elapsed="0.000147"/>
</kw>
<kw name="Should Be True" owner="BuiltIn">
<arg>${store_id} &gt; 0</arg>
<doc>Fails if the given condition is not true.</doc>
<status status="PASS" start="2026-09-02T08:04:37.357926" elapsed="0.000173"/>
</kw>
<kw name="Create Product For Owner" owner="EcommerceLibrary">
<msg time="2026-09-02T08:04:37.366274" level="INFO">HTTP Request: POST http://localhost:8000/api/v1/stores/1/products "HTTP/1.1 201 Created"</msg>
<msg time="2026-09-02T08:04:37.367518" level="INFO">${product} = {'id': 25, 'store_id': 1, 'name': 'E2E Widget 4fb6bdde', 'description': 'e2e catalog item', 'price_cents': 1500, 'is_active': True, 'stock_quantity': 25}</msg>
<var>${product}</var>
<arg>store_owner_primary</arg>
<arg>${store_id}</arg>
<status status="PASS" start="2026-09-02T08:04:37.358181" elapsed="0.009360"/>
</kw>
<kw name="Should Be Equal As Integers" owner="BuiltIn">
<arg>${product}[store_id]</arg>
<arg>${store_id}</arg>
<doc>Fails if objects are unequal after converting them to integers.</doc>
<status status="PASS" start="2026-09-02T08:04:37.367631" elapsed="0.000167"/>
</kw>
<kw name="Should Be Equal" owner="BuiltIn">
<arg>${product}[name]</arg>
<arg>${product}[name]</arg>
<doc>Fails if the given objects are unequal.</doc>
<status status="PASS" start="2026-09-02T08:04:37.367883" elapsed="0.000175"/>
</kw>
<kw name="List Products For Store" owner="EcommerceLibrary">
<msg time="2026-09-02T08:04:37.373380" level="INFO">HTTP Request: GET http://localhost:8000/api/v1/stores/1/products "HTTP/1.1 200 OK"</msg>
<msg time="2026-09-02T08:04:37.373620" level="INFO">${products} = [{'id': 1, 'store_id': 1, 'name': 'NW Trail Backpack', 'description': 'Durable daypack for daily carry.', 'price_cents': 8999, 'is_active': True, 'stock_quantity': 0}, {'id': 2, 'store_id': 1, 'name':...</msg>
<var>${products}</var>
<arg>store_owner_primary</arg>
<arg>${store_id}</arg>
<status status="PASS" start="2026-09-02T08:04:37.368138" elapsed="0.005506"/>
</kw>
<kw name="Last Api Status Should Be" owner="EcommerceLibrary">
<arg>200</arg>
<status status="PASS" start="2026-09-02T08:04:37.373730" elapsed="0.000098"/>
</kw>
<kw name="Should Not Be Empty" owner="BuiltIn">
<msg time="2026-09-02T08:04:37.374032" level="INFO">Length is 13.</msg>
<arg>${products}</arg>
<doc>Verifies that the given item is not empty.</doc>
<status status="PASS" start="2026-09-02T08:04:37.373904" elapsed="0.000166"/>
</kw>
<kw name="Get Current User Profile" owner="EcommerceLibrary">
<msg time="2026-09-02T08:04:37.377448" level="INFO">HTTP Request: GET http://localhost:8000/api/v1/auth/me "HTTP/1.1 200 OK"</msg>
<msg time="2026-09-02T08:04:37.377662" level="INFO">${customer_profile} = {'id': 5, 'email': 'customer1@example.com', 'role': 'customer', 'full_name': 'Carla Customer', 'store_id': 1}</msg>
<var>${customer_profile}</var>
<arg>customer</arg>
<status status="PASS" start="2026-09-02T08:04:37.374146" elapsed="0.003538"/>
</kw>
<kw name="Set Variable" owner="BuiltIn">
<msg time="2026-09-02T08:04:37.377911" level="INFO">${customer_store} = 1</msg>
<var>${customer_store}</var>
<arg>${customer_profile}[store_id]</arg>
<doc>Returns the given values which can then be assigned to a variables.</doc>
<status status="PASS" start="2026-09-02T08:04:37.377774" elapsed="0.000156"/>
</kw>
<kw name="Find In Stock Product" owner="EcommerceLibrary">
<msg time="2026-09-02T08:04:37.382925" level="INFO">HTTP Request: GET http://localhost:8000/api/v1/stores/1/products "HTTP/1.1 200 OK"</msg>
<msg time="2026-09-02T08:04:37.383186" level="INFO">${product} = {'id': 2, 'store_id': 1, 'name': 'NW Softshell Jacket', 'description': 'Wind-resistant layer for cool weather.', 'price_cents': 12999, 'is_active': True, 'stock_quantity': 23}</msg>
<var>${product}</var>
<arg>customer</arg>
<arg>${customer_store}</arg>
<doc>Return an in-stock catalog item, creating one when the shelf is empty.</doc>
<status status="PASS" start="2026-09-02T08:04:37.378039" elapsed="0.005171"/>
</kw>
<kw name="Set Variable" owner="BuiltIn">
<msg time="2026-09-02T08:04:37.383443" level="INFO">${customer_product_id} = 2</msg>
<var>${customer_product_id}</var>
<arg>${product}[id]</arg>
<doc>Returns the given values which can then be assigned to a variables.</doc>
<status status="PASS" start="2026-09-02T08:04:37.383306" elapsed="0.000156"/>
</kw>
<kw name="Checkout Product For Customer" owner="EcommerceLibrary">
<msg time="2026-09-02T08:04:37.394647" level="INFO">HTTP Request: POST http://localhost:8000/api/v1/stores/1/orders/checkout "HTTP/1.1 201 Created"</msg>
<msg time="2026-09-02T08:04:37.394882" level="INFO">${checkout} = {'order': {'id': 11, 'store_id': 1, 'customer_user_id': 5, 'status': 'pending', 'customer_email': 'customer1@example.com', 'customer_full_name': 'Carla Customer', 'shipping_address': 'E2E Purchase Way...</msg>
<var>${checkout}</var>
<arg>${customer_store}</arg>
<arg>${customer_product_id}</arg>
<arg>1</arg>
<status status="PASS" start="2026-09-02T08:04:37.383541" elapsed="0.011365"/>
</kw>
<kw name="Set Variable" owner="BuiltIn">
<msg time="2026-09-02T08:04:37.395241" level="INFO">${order_id} = 11</msg>
<var>${order_id}</var>
<arg>${checkout}[order][id]</arg>
<doc>Returns the given values which can then be assigned to a variables.</doc>
<status status="PASS" start="2026-09-02T08:04:37.395045" elapsed="0.000227"/>
</kw>
<if>
<branch type="IF" condition="${store_id} == ${customer_store}">
<kw name="Update Order Status" owner="EcommerceLibrary">
<msg time="2026-09-02T08:04:37.408444" level="INFO">HTTP Request: PATCH http://localhost:8000/api/v1/orders/11/status "HTTP/1.1 200 OK"</msg>
<arg>store_owner_primary</arg>
<arg>${order_id}</arg>
<arg>confirmed</arg>
<status status="PASS" start="2026-09-02T08:04:37.395676" elapsed="0.013125"/>
</kw>
<kw name="Last Api Status Should Be" owner="EcommerceLibrary">
<arg>200</arg>
<status status="PASS" start="2026-09-02T08:04:37.409033" elapsed="0.000216"/>
</kw>
<status status="PASS" start="2026-09-02T08:04:37.395412" elapsed="0.013891"/>
</branch>
<status status="PASS" start="2026-09-02T08:04:37.395369" elapsed="0.013992"/>
</if>
<kw name="Web Login As Persona" owner="EcommerceLibrary">
<msg time="2026-09-02T08:04:37.481885" level="INFO">HTTP Request: POST http://localhost:8080/login "HTTP/1.1 303 See Other"</msg>
<msg time="2026-09-02T08:04:37.500629" level="INFO">HTTP Request: GET http://localhost:8080/dashboard "HTTP/1.1 200 OK"</msg>
<arg>store_owner_primary</arg>
<doc>Authenticate via the Jinja login form and land on the dashboard.</doc>
<status status="PASS" start="2026-09-02T08:04:37.409504" elapsed="0.091436"/>
</kw>
<kw name="Web Open Path" owner="EcommerceLibrary">
<msg time="2026-09-02T08:04:37.525423" level="INFO">HTTP Request: GET http://localhost:8080/stores/1 "HTTP/1.1 200 OK"</msg>
<arg>/stores/${store_id}</arg>
<status status="PASS" start="2026-09-02T08:04:37.501149" elapsed="0.024528"/>
</kw>
<kw name="Last Web Status Should Be" owner="EcommerceLibrary">
<arg>200</arg>
<status status="PASS" start="2026-09-02T08:04:37.525809" elapsed="0.000141"/>
</kw>
<kw name="Last Web Body Should Contain" owner="EcommerceLibrary">
<arg>${product}[name]</arg>
<status status="PASS" start="2026-09-02T08:04:37.526073" elapsed="0.000152"/>
</kw>
<kw name="Web Open Path" owner="EcommerceLibrary">
<msg time="2026-09-02T08:04:37.551521" level="INFO">HTTP Request: GET http://localhost:8080/stores/1/orders "HTTP/1.1 200 OK"</msg>
<arg>/stores/${store_id}/orders</arg>
<status status="PASS" start="2026-09-02T08:04:37.526303" elapsed="0.025470"/>
</kw>
<kw name="Last Web Status Should Be" owner="EcommerceLibrary">
<arg>200</arg>
<status status="PASS" start="2026-09-02T08:04:37.551877" elapsed="0.000153"/>
</kw>
<kw name="Last Web Body Should Contain" owner="EcommerceLibrary">
<arg>Orders</arg>
<status status="PASS" start="2026-09-02T08:04:37.552168" elapsed="0.000091"/>
</kw>
<tag>e2e</tag>
<tag>feature:catalog</tag>
<tag>persona:store_owner</tag>
<status status="PASS" start="2026-09-02T08:04:37.352574" elapsed="0.199790"/>
</test>
<doc>Store-owner catalog and order management journeys.</doc>
<status status="PASS" start="2026-09-02T08:04:37.351044" elapsed="0.201625"/>
</suite>
<doc>E2E suite root: require a healthy seeded API + web stack.</doc>
<status status="PASS" start="2026-09-02T08:04:36.156173" elapsed="1.397148"/>
</suite>
<statistics>
<total>
<stat pass="11" fail="0" skip="0">All Tests</stat>
</total>
<tag>
<stat pass="11" fail="0" skip="0">e2e</stat>
<stat pass="2" fail="0" skip="0">feature:admin</stat>
<stat pass="1" fail="0" skip="0">feature:auth</stat>
<stat pass="2" fail="0" skip="0">feature:catalog</stat>
<stat pass="2" fail="0" skip="0">feature:checkout</stat>
<stat pass="3" fail="0" skip="0">feature:misconfig</stat>
<stat pass="1" fail="0" skip="0">feature:orders</stat>
<stat pass="6" fail="0" skip="0">negative</stat>
<stat pass="4" fail="0" skip="0">owasp:a01</stat>
<stat pass="3" fail="0" skip="0">owasp:a02</stat>
<stat pass="1" fail="0" skip="0">persona:admin</stat>
<stat pass="1" fail="0" skip="0">persona:customer</stat>
<stat pass="1" fail="0" skip="0">persona:delivery_manager</stat>
<stat pass="1" fail="0" skip="0">persona:store_owner</stat>
</tag>
<suite>
<stat pass="11" fail="0" skip="0" id="s1" name="E2E">E2E</stat>
<stat pass="4" fail="0" skip="0" id="s1-s1" name="Access Control Negative">E2E.Access Control Negative</stat>
<stat pass="1" fail="0" skip="0" id="s1-s2" name="Admin Governance">E2E.Admin Governance</stat>
<stat pass="1" fail="0" skip="0" id="s1-s3" name="Customer Purchase">E2E.Customer Purchase</stat>
<stat pass="1" fail="0" skip="0" id="s1-s4" name="Delivery Privacy">E2E.Delivery Privacy</stat>
<stat pass="3" fail="0" skip="0" id="s1-s5" name="Security Misconfiguration">E2E.Security Misconfiguration</stat>
<stat pass="1" fail="0" skip="0" id="s1-s6" name="Store Owner Catalog">E2E.Store Owner Catalog</stat>
</suite>
</statistics>
<errors>
</errors>
</robot>
