<?xml version="1.0" encoding="UTF-8"?>
<robot generator="Robot 7.1.1 (Python 3.12.14 on linux)" generated="2026-09-04T08:09:43.012512" rpa="false" schemaversion="5">
<suite id="s1" name="E2E" source="/home/runner/work/cybersecurity-prep-project/cybersecurity-prep-project/tests/e2e">
<kw name="Stack Must Be Healthy" owner="EcommerceLibrary" type="SETUP">
<msg time="2026-09-04T08:09:43.153768" level="INFO">HTTP Request: GET http://localhost:8000/health "HTTP/1.1 200 OK"</msg>
<msg time="2026-09-04T08:09:43.177681" level="INFO">HTTP Request: GET http://localhost:8080/health "HTTP/1.1 200 OK"</msg>
<doc>Skip the suite when API or web health endpoints are unreachable.</doc>
<status status="PASS" start="2026-09-04T08:09:43.132232" elapsed="0.045747"/>
</kw>
<suite id="s1-s1" name="Access Control Negative" source="/home/runner/work/cybersecurity-prep-project/cybersecurity-prep-project/tests/e2e/access_control_negative.robot">
<test id="s1-s1-t1" name="Cross Tenant Catalog Access Is Denied" line="6">
<kw name="Get Current User Profile" owner="EcommerceLibrary">
<msg time="2026-09-04T08:09:43.231483" level="INFO">HTTP Request: POST http://localhost:8000/api/v1/auth/login "HTTP/1.1 200 OK"</msg>
<msg time="2026-09-04T08:09:43.235626" level="INFO">HTTP Request: GET http://localhost:8000/api/v1/auth/me "HTTP/1.1 200 OK"</msg>
<msg time="2026-09-04T08:09:43.235926" level="INFO">${owner} = {'id': 4, 'email': 'owner2@example.com', 'role': 'store_owner', 'full_name': 'Owen Owner', 'store_id': 2}</msg>
<var>${owner}</var>
<arg>store_owner_secondary</arg>
<status status="PASS" start="2026-09-04T08:09:43.180463" elapsed="0.055505"/>
</kw>
<kw name="Set Variable" owner="BuiltIn">
<msg time="2026-09-04T08:09:43.236386" level="INFO">${owner_store} = 2</msg>
<var>${owner_store}</var>
<arg>${owner}[store_id]</arg>
<doc>Returns the given values which can then be assigned to a variables.</doc>
<status status="PASS" start="2026-09-04T08:09:43.236145" elapsed="0.000263"/>
</kw>
<kw name="List Stores For Persona" owner="EcommerceLibrary">
<msg time="2026-09-04T08:09:43.286898" level="INFO">HTTP Request: POST http://localhost:8000/api/v1/auth/login "HTTP/1.1 200 OK"</msg>
<msg time="2026-09-04T08:09:43.293863" level="INFO">HTTP Request: GET http://localhost:8000/api/v1/stores "HTTP/1.1 200 OK"</msg>
<msg time="2026-09-04T08:09:43.294143" level="INFO">${stores} = [{'id': 1, 'public_id': 'aa63f0ce-b3dd-4f62-be5c-b19774704d2a', 'name': 'Northwind Outfitters', 'owner_user_id': 3}, {'id': 2, 'public_id': '058032ec-f95c-4589-85ad-6c4684ccc124', 'name': 'Contoso Gad...</msg>
<var>${stores}</var>
<arg>admin</arg>
<status status="PASS" start="2026-09-04T08:09:43.236505" elapsed="0.057670"/>
</kw>
<for flavor="IN">
<iter>
<if>
<branch type="IF" condition="${store}[id] != ${owner_store}">
<kw name="Set Variable" owner="BuiltIn">
<msg time="2026-09-04T08:09:43.295075" level="INFO">${foreign_id} = 1</msg>
<var>${foreign_id}</var>
<arg>${store}[id]</arg>
<doc>Returns the given values which can then be assigned to a variables.</doc>
<status status="PASS" start="2026-09-04T08:09:43.294901" elapsed="0.000194"/>
</kw>
<break>
<status status="PASS" start="2026-09-04T08:09:43.295146" elapsed="0.000043"/>
</break>
<status status="PASS" start="2026-09-04T08:09:43.294655" elapsed="0.000592"/>
</branch>
<status status="PASS" start="2026-09-04T08:09:43.294634" elapsed="0.000640"/>
</if>
<var name="${store}">{'id': 1, 'public_id': 'aa63f0ce-b3dd-4f62-be5c-b19774704d2a', 'name': 'Northwind Outfitters', 'owner_user_id': 3}</var>
<status status="PASS" start="2026-09-04T08:09:43.294589" elapsed="0.000715"/>
</iter>
<var>${store}</var>
<value>@{stores}</value>
<status status="PASS" start="2026-09-04T08:09:43.294304" elapsed="0.001033"/>
</for>
<kw name="List Products For Store" owner="EcommerceLibrary">
<msg time="2026-09-04T08:09:43.299336" level="INFO">HTTP Request: GET http://localhost:8000/api/v1/stores/1/products "HTTP/1.1 403 Forbidden"</msg>
<arg>store_owner_secondary</arg>
<arg>${foreign_id}</arg>
<status status="PASS" start="2026-09-04T08:09:43.295425" elapsed="0.004107"/>
</kw>
<kw name="Last Api Status Should Be" owner="EcommerceLibrary">
<arg>403</arg>
<status status="PASS" start="2026-09-04T08:09:43.299630" elapsed="0.000111"/>
</kw>
<kw name="Web Login As Persona" owner="EcommerceLibrary">
<msg time="2026-09-04T08:09:43.390333" level="INFO">HTTP Request: POST http://localhost:8080/login "HTTP/1.1 303 See Other"</msg>
<msg time="2026-09-04T08:09:43.411448" level="INFO">HTTP Request: GET http://localhost:8080/dashboard "HTTP/1.1 200 OK"</msg>
<arg>store_owner_secondary</arg>
<doc>Authenticate via the Jinja login form and land on the dashboard.</doc>
<status status="PASS" start="2026-09-04T08:09:43.299821" elapsed="0.111942"/>
</kw>
<kw name="Web Open Path" owner="EcommerceLibrary">
<msg time="2026-09-04T08:09:43.429959" level="INFO">HTTP Request: GET http://localhost:8080/stores/1 "HTTP/1.1 403 Forbidden"</msg>
<arg>/stores/${foreign_id}</arg>
<status status="PASS" start="2026-09-04T08:09:43.411911" elapsed="0.018332"/>
</kw>
<kw name="Last Web Status Should Be" owner="EcommerceLibrary">
<arg>403</arg>
<status status="PASS" start="2026-09-04T08:09:43.430371" elapsed="0.000135"/>
</kw>
<tag>e2e</tag>
<tag>feature:catalog</tag>
<tag>negative</tag>
<tag>owasp:a01</tag>
<status status="PASS" start="2026-09-04T08:09:43.179992" elapsed="0.250650"/>
</test>
<test id="s1-s1-t2" name="Customer Cannot Access Admin Directory" line="24">
<kw name="Api Get" owner="EcommerceLibrary">
<msg time="2026-09-04T08:09:43.479106" level="INFO">HTTP Request: POST http://localhost:8000/api/v1/auth/login "HTTP/1.1 200 OK"</msg>
<msg time="2026-09-04T08:09:43.484714" level="INFO">HTTP Request: GET http://localhost:8000/api/v1/admin/users "HTTP/1.1 403 Forbidden"</msg>
<arg>/api/v1/admin/users</arg>
<arg>customer</arg>
<status status="PASS" start="2026-09-04T08:09:43.431407" elapsed="0.053545"/>
</kw>
<kw name="Last Api Status Should Be" owner="EcommerceLibrary">
<arg>403</arg>
<status status="PASS" start="2026-09-04T08:09:43.485110" elapsed="0.000184"/>
</kw>
<tag>e2e</tag>
<tag>feature:admin</tag>
<tag>negative</tag>
<tag>owasp:a01</tag>
<status status="PASS" start="2026-09-04T08:09:43.430942" elapsed="0.054481"/>
</test>
<test id="s1-s1-t3" name="Store Owner Cannot Place Checkout Order" line="29">
<kw name="Get Current User Profile" owner="EcommerceLibrary">
<msg time="2026-09-04T08:09:43.540307" level="INFO">HTTP Request: POST http://localhost:8000/api/v1/auth/login "HTTP/1.1 200 OK"</msg>
<msg time="2026-09-04T08:09:43.544763" level="INFO">HTTP Request: GET http://localhost:8000/api/v1/auth/me "HTTP/1.1 200 OK"</msg>
<msg time="2026-09-04T08:09:43.546657" level="INFO">${owner} = {'id': 3, 'email': 'owner1@example.com', 'role': 'store_owner', 'full_name': 'Olivia Owner', 'store_id': 1}</msg>
<var>${owner}</var>
<arg>store_owner_primary</arg>
<status status="PASS" start="2026-09-04T08:09:43.486089" elapsed="0.060598"/>
</kw>
<kw name="Set Variable" owner="BuiltIn">
<msg time="2026-09-04T08:09:43.547003" level="INFO">${store_id} = 1</msg>
<var>${store_id}</var>
<arg>${owner}[store_id]</arg>
<doc>Returns the given values which can then be assigned to a variables.</doc>
<status status="PASS" start="2026-09-04T08:09:43.546826" elapsed="0.000197"/>
</kw>
<kw name="List Products For Store" owner="EcommerceLibrary">
<msg time="2026-09-04T08:09:43.552503" level="INFO">HTTP Request: GET http://localhost:8000/api/v1/stores/1/products "HTTP/1.1 200 OK"</msg>
<msg time="2026-09-04T08:09:43.552756" level="INFO">${products} = [{'id': 1, 'store_id': 1, 'name': 'NW Trail Backpack', 'description': 'Durable daypack for daily carry.', 'price_cents': 8999, 'is_active': True, 'stock_quantity': 0}, {'id': 2, 'store_id': 1, 'name':...</msg>
<var>${products}</var>
<arg>store_owner_primary</arg>
<arg>${store_id}</arg>
<status status="PASS" start="2026-09-04T08:09:43.547112" elapsed="0.005667"/>
</kw>
<kw name="Last Api Status Should Be" owner="EcommerceLibrary">
<arg>200</arg>
<status status="PASS" start="2026-09-04T08:09:43.552875" elapsed="0.000109"/>
</kw>
<kw name="Set Variable" owner="BuiltIn">
<msg time="2026-09-04T08:09:43.553238" level="INFO">${product_id} = 1</msg>
<var>${product_id}</var>
<arg>${products}[0][id]</arg>
<doc>Returns the given values which can then be assigned to a variables.</doc>
<status status="PASS" start="2026-09-04T08:09:43.553068" elapsed="0.000257"/>
</kw>
<kw name="Api Post" owner="EcommerceLibrary">
<msg time="2026-09-04T08:09:43.557468" level="INFO">HTTP Request: POST http://localhost:8000/api/v1/stores/1/orders/checkout "HTTP/1.1 403 Forbidden"</msg>
<arg>/api/v1/stores/${store_id}/orders/checkout</arg>
<arg>store_owner_primary</arg>
<arg>{"lines":[{"product_id":${product_id},"quantity":1}],"shipping_address":"owner-denied"}</arg>
<status status="PASS" start="2026-09-04T08:09:43.553413" elapsed="0.004238"/>
</kw>
<kw name="Last Api Status Should Be" owner="EcommerceLibrary">
<arg>403</arg>
<status status="PASS" start="2026-09-04T08:09:43.557745" elapsed="0.000100"/>
</kw>
<tag>e2e</tag>
<tag>feature:checkout</tag>
<tag>negative</tag>
<tag>owasp:a01</tag>
<status status="PASS" start="2026-09-04T08:09:43.485682" elapsed="0.072258"/>
</test>
<test id="s1-s1-t4" name="Unauthenticated Api Access Is Rejected" line="40">
<kw name="Api Get" owner="EcommerceLibrary">
<msg time="2026-09-04T08:09:43.560440" level="INFO">HTTP Request: GET http://localhost:8000/api/v1/auth/me "HTTP/1.1 401 Unauthorized"</msg>
<arg>/api/v1/auth/me</arg>
<status status="PASS" start="2026-09-04T08:09:43.558522" elapsed="0.002098"/>
</kw>
<kw name="Last Api Status Should Be" owner="EcommerceLibrary">
<arg>401</arg>
<status status="PASS" start="2026-09-04T08:09:43.560706" elapsed="0.000100"/>
</kw>
<tag>e2e</tag>
<tag>feature:auth</tag>
<tag>negative</tag>
<tag>owasp:a01</tag>
<status status="PASS" start="2026-09-04T08:09:43.558219" elapsed="0.002671"/>
</test>
<doc>Negative E2E coverage for broken access control (OWASP A01).</doc>
<status status="PASS" start="2026-09-04T08:09:43.178108" elapsed="0.383200"/>
</suite>
<suite id="s1-s2" name="Admin Governance" source="/home/runner/work/cybersecurity-prep-project/cybersecurity-prep-project/tests/e2e/admin_governance.robot">
<test id="s1-s2-t1" name="Admin Governs Across Stores" line="6">
<kw name="Get Current User Profile" owner="EcommerceLibrary">
<msg time="2026-09-04T08:09:43.567020" level="INFO">HTTP Request: GET http://localhost:8000/api/v1/auth/me "HTTP/1.1 200 OK"</msg>
<msg time="2026-09-04T08:09:43.567260" level="INFO">${profile} = {'id': 1, 'email': 'admin@example.com', 'role': 'admin', 'full_name': 'Ada Admin', 'store_id': None}</msg>
<var>${profile}</var>
<arg>admin</arg>
<status status="PASS" start="2026-09-04T08:09:43.563615" elapsed="0.003668"/>
</kw>
<kw name="Should Be Equal" owner="BuiltIn">
<arg>${profile}[role]</arg>
<arg>admin</arg>
<doc>Fails if the given objects are unequal.</doc>
<status status="PASS" start="2026-09-04T08:09:43.567377" elapsed="0.000166"/>
</kw>
<kw name="List Stores For Persona" owner="EcommerceLibrary">
<msg time="2026-09-04T08:09:43.571743" level="INFO">HTTP Request: GET http://localhost:8000/api/v1/stores "HTTP/1.1 200 OK"</msg>
<msg time="2026-09-04T08:09:43.571961" level="INFO">${stores} = [{'id': 1, 'public_id': 'aa63f0ce-b3dd-4f62-be5c-b19774704d2a', 'name': 'Northwind Outfitters', 'owner_user_id': 3}, {'id': 2, 'public_id': '058032ec-f95c-4589-85ad-6c4684ccc124', 'name': 'Contoso Gad...</msg>
<var>${stores}</var>
<arg>admin</arg>
<status status="PASS" start="2026-09-04T08:09:43.567626" elapsed="0.004358"/>
</kw>
<kw name="Get Length" owner="BuiltIn">
<msg time="2026-09-04T08:09:43.572178" level="INFO">Length is 3.</msg>
<msg time="2026-09-04T08:09:43.572278" level="INFO">${store_count} = 3</msg>
<var>${store_count}</var>
<arg>${stores}</arg>
<doc>Returns and logs the length of the given item as an integer.</doc>
<status status="PASS" start="2026-09-04T08:09:43.572076" elapsed="0.000220"/>
</kw>
<kw name="Should Be True" owner="BuiltIn">
<arg>${store_count} &gt;= 2</arg>
<doc>Fails if the given condition is not true.</doc>
<status status="PASS" start="2026-09-04T08:09:43.572385" elapsed="0.000216"/>
</kw>
<kw name="Api Get" owner="EcommerceLibrary">
<msg time="2026-09-04T08:09:43.578233" level="INFO">HTTP Request: GET http://localhost:8000/api/v1/admin/users "HTTP/1.1 200 OK"</msg>
<msg time="2026-09-04T08:09:43.578469" level="INFO">${users} = [{'id': 1, 'email': 'admin@example.com', 'role': 'admin', 'full_name': 'Ada Admin', 'store_id': None}, {'id': 2, 'email': 'delivery@example.com', 'role': 'delivery_manager', 'full_name': 'Dana Deliver...</msg>
<var>${users}</var>
<arg>/api/v1/admin/users</arg>
<arg>admin</arg>
<status status="PASS" start="2026-09-04T08:09:43.572686" elapsed="0.005806"/>
</kw>
<kw name="Last Api Status Should Be" owner="EcommerceLibrary">
<arg>200</arg>
<status status="PASS" start="2026-09-04T08:09:43.578582" elapsed="0.000101"/>
</kw>
<kw name="Should Not Be Empty" owner="BuiltIn">
<msg time="2026-09-04T08:09:43.578868" level="INFO">Length is 6.</msg>
<arg>${users}</arg>
<doc>Verifies that the given item is not empty.</doc>
<status status="PASS" start="2026-09-04T08:09:43.578766" elapsed="0.000141"/>
</kw>
<kw name="Create Store As Admin" owner="EcommerceLibrary">
<msg time="2026-09-04T08:09:43.583923" level="INFO">HTTP Request: POST http://localhost:8000/api/v1/stores "HTTP/1.1 201 Created"</msg>
<msg time="2026-09-04T08:09:43.584144" level="INFO">${created} = {'id': 4, 'public_id': 'd67c88af-66e7-46c3-89b0-620544decba3', 'name': 'E2E Store 972be8b8', 'owner_user_id': None}</msg>
<var>${created}</var>
<status status="PASS" start="2026-09-04T08:09:43.578984" elapsed="0.005183"/>
</kw>
<kw name="Should Be Equal" owner="BuiltIn">
<arg>${created}[name]</arg>
<arg>${created}[name]</arg>
<doc>Fails if the given objects are unequal.</doc>
<status status="PASS" start="2026-09-04T08:09:43.584288" elapsed="0.000176"/>
</kw>
<kw name="Should Not Be Empty" owner="BuiltIn">
<msg time="2026-09-04T08:09:43.584647" level="INFO">Length is 36.</msg>
<arg>${created}[public_id]</arg>
<doc>Verifies that the given item is not empty.</doc>
<status status="PASS" start="2026-09-04T08:09:43.584548" elapsed="0.000133"/>
</kw>
<kw name="Set Variable" owner="BuiltIn">
<msg time="2026-09-04T08:09:43.584892" level="INFO">${store_one} = {'id': 1, 'public_id': 'aa63f0ce-b3dd-4f62-be5c-b19774704d2a', 'name': 'Northwind Outfitters', 'owner_user_id': 3}</msg>
<var>${store_one}</var>
<arg>${stores}[0]</arg>
<doc>Returns the given values which can then be assigned to a variables.</doc>
<status status="PASS" start="2026-09-04T08:09:43.584759" elapsed="0.000152"/>
</kw>
<kw name="Get Store Revenue" owner="EcommerceLibrary">
<msg time="2026-09-04T08:09:43.591430" level="INFO">HTTP Request: GET http://localhost:8000/api/v1/stores/aa63f0ce-b3dd-4f62-be5c-b19774704d2a/revenue "HTTP/1.1 200 OK"</msg>
<msg time="2026-09-04T08:09:43.591657" level="INFO">${revenue} = {'store_public_id': 'aa63f0ce-b3dd-4f62-be5c-b19774704d2a', 'store_name': 'Northwind Outfitters', 'total_orders': 4, 'paid_orders': 4, 'gross_revenue_cents': 113990}</msg>
<var>${revenue}</var>
<arg>admin</arg>
<arg>${store_one}[public_id]</arg>
<status status="PASS" start="2026-09-04T08:09:43.584988" elapsed="0.006692"/>
</kw>
<kw name="Last Api Status Should Be" owner="EcommerceLibrary">
<arg>200</arg>
<status status="PASS" start="2026-09-04T08:09:43.591770" elapsed="0.000108"/>
</kw>
<kw name="List Products For Store" owner="EcommerceLibrary">
<msg time="2026-09-04T08:09:43.597146" level="INFO">HTTP Request: GET http://localhost:8000/api/v1/stores/1/products "HTTP/1.1 200 OK"</msg>
<msg time="2026-09-04T08:09:43.597432" level="INFO">${products} = [{'id': 1, 'store_id': 1, 'name': 'NW Trail Backpack', 'description': 'Durable daypack for daily carry.', 'price_cents': 8999, 'is_active': True, 'stock_quantity': 0}, {'id': 2, 'store_id': 1, 'name':...</msg>
<var>${products}</var>
<arg>admin</arg>
<arg>${store_one}[id]</arg>
<status status="PASS" start="2026-09-04T08:09:43.591957" elapsed="0.005498"/>
</kw>
<kw name="Last Api Status Should Be" owner="EcommerceLibrary">
<arg>200</arg>
<status status="PASS" start="2026-09-04T08:09:43.597545" elapsed="0.000099"/>
</kw>
<kw name="Web Login As Persona" owner="EcommerceLibrary">
<msg time="2026-09-04T08:09:43.656478" level="INFO">HTTP Request: POST http://localhost:8080/login "HTTP/1.1 303 See Other"</msg>
<msg time="2026-09-04T08:09:43.671149" level="INFO">HTTP Request: GET http://localhost:8080/dashboard "HTTP/1.1 200 OK"</msg>
<arg>admin</arg>
<doc>Authenticate via the Jinja login form and land on the dashboard.</doc>
<status status="PASS" start="2026-09-04T08:09:43.597724" elapsed="0.073700"/>
</kw>
<kw name="Last Web Body Should Contain" owner="EcommerceLibrary">
<arg>Stores</arg>
<status status="PASS" start="2026-09-04T08:09:43.671568" elapsed="0.000132"/>
</kw>
<kw name="Web Open Path" owner="EcommerceLibrary">
<msg time="2026-09-04T08:09:43.698242" level="INFO">HTTP Request: GET http://localhost:8080/stores/1 "HTTP/1.1 200 OK"</msg>
<arg>/stores/${store_one}[id]</arg>
<status status="PASS" start="2026-09-04T08:09:43.671783" elapsed="0.026711"/>
</kw>
<kw name="Last Web Status Should Be" owner="EcommerceLibrary">
<arg>200</arg>
<status status="PASS" start="2026-09-04T08:09:43.698600" elapsed="0.000118"/>
</kw>
<kw name="Web Open Path" owner="EcommerceLibrary">
<msg time="2026-09-04T08:09:43.737393" level="INFO">HTTP Request: GET http://localhost:8080/stores/1/orders "HTTP/1.1 200 OK"</msg>
<arg>/stores/${store_one}[id]/orders</arg>
<status status="PASS" start="2026-09-04T08:09:43.698800" elapsed="0.038822"/>
</kw>
<kw name="Last Web Status Should Be" owner="EcommerceLibrary">
<arg>200</arg>
<status status="PASS" start="2026-09-04T08:09:43.737731" elapsed="0.000121"/>
</kw>
<tag>e2e</tag>
<tag>feature:admin</tag>
<tag>persona:admin</tag>
<status status="PASS" start="2026-09-04T08:09:43.563330" elapsed="0.174636"/>
</test>
<doc>Admin cross-store governance journeys.</doc>
<status status="PASS" start="2026-09-04T08:09:43.561804" elapsed="0.176543"/>
</suite>
<suite id="s1-s3" name="Customer Purchase" source="/home/runner/work/cybersecurity-prep-project/cybersecurity-prep-project/tests/e2e/customer_purchase.robot">
<test id="s1-s3-t1" name="Customer Completes Purchase Lifecycle" line="6">
<kw name="Get Current User Profile" owner="EcommerceLibrary">
<msg time="2026-09-04T08:09:43.744735" level="INFO">HTTP Request: GET http://localhost:8000/api/v1/auth/me "HTTP/1.1 200 OK"</msg>
<msg time="2026-09-04T08:09:43.744970" level="INFO">${profile} = {'id': 5, 'email': 'customer1@example.com', 'role': 'customer', 'full_name': 'Carla Customer', 'store_id': 1}</msg>
<var>${profile}</var>
<arg>customer</arg>
<status status="PASS" start="2026-09-04T08:09:43.740926" elapsed="0.004067"/>
</kw>
<kw name="Should Be Equal" owner="BuiltIn">
<arg>${profile}[role]</arg>
<arg>customer</arg>
<doc>Fails if the given objects are unequal.</doc>
<status status="PASS" start="2026-09-04T08:09:43.745091" elapsed="0.000198"/>
</kw>
<kw name="Set Variable" owner="BuiltIn">
<msg time="2026-09-04T08:09:43.745514" level="INFO">${store_id} = 1</msg>
<var>${store_id}</var>
<arg>${profile}[store_id]</arg>
<doc>Returns the given values which can then be assigned to a variables.</doc>
<status status="PASS" start="2026-09-04T08:09:43.745382" elapsed="0.000151"/>
</kw>
<kw name="Should Be True" owner="BuiltIn">
<arg>${store_id} &gt; 0</arg>
<doc>Fails if the given condition is not true.</doc>
<status status="PASS" start="2026-09-04T08:09:43.745612" elapsed="0.000151"/>
</kw>
<kw name="List Products For Store" owner="EcommerceLibrary">
<msg time="2026-09-04T08:09:43.750989" level="INFO">HTTP Request: GET http://localhost:8000/api/v1/stores/1/products "HTTP/1.1 200 OK"</msg>
<msg time="2026-09-04T08:09:43.751291" level="INFO">${products} = [{'id': 1, 'store_id': 1, 'name': 'NW Trail Backpack', 'description': 'Durable daypack for daily carry.', 'price_cents': 8999, 'is_active': True, 'stock_quantity': 0}, {'id': 2, 'store_id': 1, 'name':...</msg>
<var>${products}</var>
<arg>customer</arg>
<arg>${store_id}</arg>
<status status="PASS" start="2026-09-04T08:09:43.745847" elapsed="0.005472"/>
</kw>
<kw name="Last Api Status Should Be" owner="EcommerceLibrary">
<arg>200</arg>
<status status="PASS" start="2026-09-04T08:09:43.751410" elapsed="0.000097"/>
</kw>
<kw name="Should Not Be Empty" owner="BuiltIn">
<msg time="2026-09-04T08:09:43.751681" level="INFO">Length is 12.</msg>
<arg>${products}</arg>
<doc>Verifies that the given item is not empty.</doc>
<status status="PASS" start="2026-09-04T08:09:43.751584" elapsed="0.000130"/>
</kw>
<kw name="Find In Stock Product" owner="EcommerceLibrary">
<msg time="2026-09-04T08:09:43.756746" level="INFO">HTTP Request: GET http://localhost:8000/api/v1/stores/1/products "HTTP/1.1 200 OK"</msg>
<msg time="2026-09-04T08:09:43.756982" level="INFO">${product} = {'id': 2, 'store_id': 1, 'name': 'NW Softshell Jacket', 'description': 'Wind-resistant layer for cool weather.', 'price_cents': 12999, 'is_active': True, 'stock_quantity': 25}</msg>
<var>${product}</var>
<arg>customer</arg>
<arg>${store_id}</arg>
<doc>Return an in-stock catalog item, creating one when the shelf is empty.</doc>
<status status="PASS" start="2026-09-04T08:09:43.751792" elapsed="0.005212"/>
</kw>
<kw name="Set Variable" owner="BuiltIn">
<msg time="2026-09-04T08:09:43.757271" level="INFO">${product_id} = 2</msg>
<var>${product_id}</var>
<arg>${product}[id]</arg>
<doc>Returns the given values which can then be assigned to a variables.</doc>
<status status="PASS" start="2026-09-04T08:09:43.757098" elapsed="0.000193"/>
</kw>
<kw name="Get Shipping Quote" owner="EcommerceLibrary">
<msg time="2026-09-04T08:09:43.761333" level="INFO">HTTP Request: POST http://localhost:8000/api/v1/shipping/quote "HTTP/1.1 200 OK"</msg>
<arg>customer</arg>
<status status="PASS" start="2026-09-04T08:09:43.757370" elapsed="0.004140"/>
</kw>
<kw name="Last Api Status Should Be" owner="EcommerceLibrary">
<arg>200</arg>
<status status="PASS" start="2026-09-04T08:09:43.761596" elapsed="0.000097"/>
</kw>
<kw name="Checkout Product For Customer" owner="EcommerceLibrary">
<msg time="2026-09-04T08:09:43.772701" level="INFO">HTTP Request: POST http://localhost:8000/api/v1/stores/1/orders/checkout "HTTP/1.1 201 Created"</msg>
<msg time="2026-09-04T08:09:43.772931" level="INFO">${checkout} = {'order': {'id': 9, 'store_id': 1, 'customer_user_id': 5, 'status': 'pending', 'customer_email': 'customer1@example.com', 'customer_full_name': 'Carla Customer', 'shipping_address': 'E2E Purchase Way ...</msg>
<var>${checkout}</var>
<arg>${store_id}</arg>
<arg>${product_id}</arg>
<arg>1</arg>
<status status="PASS" start="2026-09-04T08:09:43.761770" elapsed="0.011184"/>
</kw>
<kw name="Should Be Equal As Integers" owner="BuiltIn">
<arg>${checkout}[order][store_id]</arg>
<arg>${store_id}</arg>
<doc>Fails if objects are unequal after converting them to integers.</doc>
<status status="PASS" start="2026-09-04T08:09:43.773053" elapsed="0.000212"/>
</kw>
<kw name="Set Variable" owner="BuiltIn">
<msg time="2026-09-04T08:09:43.773494" level="INFO">${order_id} = 9</msg>
<var>${order_id}</var>
<arg>${checkout}[order][id]</arg>
<doc>Returns the given values which can then be assigned to a variables.</doc>
<status status="PASS" start="2026-09-04T08:09:43.773360" elapsed="0.000153"/>
</kw>
<kw name="Catenate" owner="BuiltIn">
<msg time="2026-09-04T08:09:43.773744" level="INFO">${order_marker} = #9</msg>
<var>${order_marker}</var>
<arg>SEPARATOR=</arg>
<arg>\#</arg>
<arg>${order_id}</arg>
<doc>Catenates the given items together and returns the resulted string.</doc>
<status status="PASS" start="2026-09-04T08:09:43.773592" elapsed="0.000170"/>
</kw>
<kw name="Api Get" owner="EcommerceLibrary">
<msg time="2026-09-04T08:09:43.781128" level="INFO">HTTP Request: GET http://localhost:8000/api/v1/stores/1/orders "HTTP/1.1 200 OK"</msg>
<msg time="2026-09-04T08:09:43.781418" level="INFO">${orders} = [{'id': 1, 'store_id': 1, 'customer_user_id': 5, 'status': 'pending', 'customer_email': 'customer1@example.com', 'customer_full_name': 'Carla Customer', 'shipping_address': '12 Pine Street, Seattle, W...</msg>
<var>${orders}</var>
<arg>/api/v1/stores/${store_id}/orders</arg>
<arg>customer</arg>
<status status="PASS" start="2026-09-04T08:09:43.773844" elapsed="0.007597"/>
</kw>
<kw name="Last Api Status Should Be" owner="EcommerceLibrary">
<arg>200</arg>
<status status="PASS" start="2026-09-04T08:09:43.781525" elapsed="0.000095"/>
</kw>
<kw name="Should Not Be Empty" owner="BuiltIn">
<msg time="2026-09-04T08:09:43.781847" level="INFO">Length is 5.</msg>
<arg>${orders}</arg>
<doc>Verifies that the given item is not empty.</doc>
<status status="PASS" start="2026-09-04T08:09:43.781746" elapsed="0.000135"/>
</kw>
<kw name="Web Login As Persona" owner="EcommerceLibrary">
<msg time="2026-09-04T08:09:43.840652" level="INFO">HTTP Request: POST http://localhost:8080/login "HTTP/1.1 303 See Other"</msg>
<msg time="2026-09-04T08:09:43.854941" level="INFO">HTTP Request: GET http://localhost:8080/dashboard "HTTP/1.1 200 OK"</msg>
<arg>customer</arg>
<doc>Authenticate via the Jinja login form and land on the dashboard.</doc>
<status status="PASS" start="2026-09-04T08:09:43.781956" elapsed="0.073303"/>
</kw>
<kw name="Last Web Status Should Be" owner="EcommerceLibrary">
<arg>200</arg>
<status status="PASS" start="2026-09-04T08:09:43.855421" elapsed="0.000156"/>
</kw>
<kw name="Last Web Body Should Contain" owner="EcommerceLibrary">
<arg>Stores</arg>
<status status="PASS" start="2026-09-04T08:09:43.855663" elapsed="0.000091"/>
</kw>
<kw name="Web Open Path" owner="EcommerceLibrary">
<msg time="2026-09-04T08:09:43.880693" level="INFO">HTTP Request: GET http://localhost:8080/stores/1 "HTTP/1.1 200 OK"</msg>
<arg>/stores/${store_id}</arg>
<status status="PASS" start="2026-09-04T08:09:43.855835" elapsed="0.025099"/>
</kw>
<kw name="Last Web Status Should Be" owner="EcommerceLibrary">
<arg>200</arg>
<status status="PASS" start="2026-09-04T08:09:43.881044" elapsed="0.000123"/>
</kw>
<kw name="Last Web Body Should Contain" owner="EcommerceLibrary">
<arg>Product catalog</arg>
<status status="PASS" start="2026-09-04T08:09:43.881281" elapsed="0.000089"/>
</kw>
<kw name="Web Open Path" owner="EcommerceLibrary">
<msg time="2026-09-04T08:09:43.907814" level="INFO">HTTP Request: GET http://localhost:8080/stores/1/orders "HTTP/1.1 200 OK"</msg>
<arg>/stores/${store_id}/orders</arg>
<status status="PASS" start="2026-09-04T08:09:43.881445" elapsed="0.026638"/>
</kw>
<kw name="Last Web Status Should Be" owner="EcommerceLibrary">
<arg>200</arg>
<status status="PASS" start="2026-09-04T08:09:43.908191" elapsed="0.000159"/>
</kw>
<kw name="Last Web Body Should Contain" owner="EcommerceLibrary">
<arg>${order_marker}</arg>
<status status="PASS" start="2026-09-04T08:09:43.908432" elapsed="0.000129"/>
</kw>
<tag>e2e</tag>
<tag>feature:checkout</tag>
<tag>persona:customer</tag>
<status status="PASS" start="2026-09-04T08:09:43.740528" elapsed="0.168129"/>
</test>
<doc>Customer purchase lifecycle across API checkout and web catalog.</doc>
<status status="PASS" start="2026-09-04T08:09:43.738866" elapsed="0.170097"/>
</suite>
<suite id="s1-s4" name="Delivery Privacy" source="/home/runner/work/cybersecurity-prep-project/cybersecurity-prep-project/tests/e2e/delivery_privacy.robot">
<test id="s1-s4-t1" name="Delivery Manager Sees Anonymized Orders Only" line="6">
<kw name="Get Current User Profile" owner="EcommerceLibrary">
<msg time="2026-09-04T08:09:43.915445" level="INFO">HTTP Request: GET http://localhost:8000/api/v1/auth/me "HTTP/1.1 200 OK"</msg>
<msg time="2026-09-04T08:09:43.915686" level="INFO">${customer} = {'id': 5, 'email': 'customer1@example.com', 'role': 'customer', 'full_name': 'Carla Customer', 'store_id': 1}</msg>
<var>${customer}</var>
<arg>customer</arg>
<status status="PASS" start="2026-09-04T08:09:43.911621" elapsed="0.004088"/>
</kw>
<kw name="Set Variable" owner="BuiltIn">
<msg time="2026-09-04T08:09:43.915952" level="INFO">${store_id} = 1</msg>
<var>${store_id}</var>
<arg>${customer}[store_id]</arg>
<doc>Returns the given values which can then be assigned to a variables.</doc>
<status status="PASS" start="2026-09-04T08:09:43.915807" elapsed="0.000165"/>
</kw>
<kw name="Find In Stock Product" owner="EcommerceLibrary">
<msg time="2026-09-04T08:09:43.921044" level="INFO">HTTP Request: GET http://localhost:8000/api/v1/stores/1/products "HTTP/1.1 200 OK"</msg>
<msg time="2026-09-04T08:09:43.921336" level="INFO">${product} = {'id': 2, 'store_id': 1, 'name': 'NW Softshell Jacket', 'description': 'Wind-resistant layer for cool weather.', 'price_cents': 12999, 'is_active': True, 'stock_quantity': 24}</msg>
<var>${product}</var>
<arg>customer</arg>
<arg>${store_id}</arg>
<doc>Return an in-stock catalog item, creating one when the shelf is empty.</doc>
<status status="PASS" start="2026-09-04T08:09:43.916054" elapsed="0.005305"/>
</kw>
<kw name="Set Variable" owner="BuiltIn">
<msg time="2026-09-04T08:09:43.921596" level="INFO">${product_id} = 2</msg>
<var>${product_id}</var>
<arg>${product}[id]</arg>
<doc>Returns the given values which can then be assigned to a variables.</doc>
<status status="PASS" start="2026-09-04T08:09:43.921458" elapsed="0.000157"/>
</kw>
<kw name="Checkout Product For Customer" owner="EcommerceLibrary">
<msg time="2026-09-04T08:09:43.932323" level="INFO">HTTP Request: POST http://localhost:8000/api/v1/stores/1/orders/checkout "HTTP/1.1 201 Created"</msg>
<msg time="2026-09-04T08:09:43.932563" level="INFO">${checkout} = {'order': {'id': 10, 'store_id': 1, 'customer_user_id': 5, 'status': 'pending', 'customer_email': 'customer1@example.com', 'customer_full_name': 'Carla Customer', 'shipping_address': 'E2E Purchase Way...</msg>
<var>${checkout}</var>
<arg>${store_id}</arg>
<arg>${product_id}</arg>
<arg>1</arg>
<status status="PASS" start="2026-09-04T08:09:43.921695" elapsed="0.010891"/>
</kw>
<kw name="Set Variable" owner="BuiltIn">
<msg time="2026-09-04T08:09:43.932841" level="INFO">${order_id} = 10</msg>
<var>${order_id}</var>
<arg>${checkout}[order][id]</arg>
<doc>Returns the given values which can then be assigned to a variables.</doc>
<status status="PASS" start="2026-09-04T08:09:43.932689" elapsed="0.000171"/>
</kw>
<kw name="Set Variable" owner="BuiltIn">
<msg time="2026-09-04T08:09:43.933073" level="INFO">${customer_email} = customer1@example.com</msg>
<var>${customer_email}</var>
<arg>${customer}[email]</arg>
<doc>Returns the given values which can then be assigned to a variables.</doc>
<status status="PASS" start="2026-09-04T08:09:43.932945" elapsed="0.000146"/>
</kw>
<kw name="Catenate" owner="BuiltIn">
<msg time="2026-09-04T08:09:43.933358" level="INFO">${order_marker} = #10</msg>
<var>${order_marker}</var>
<arg>SEPARATOR=</arg>
<arg>\#</arg>
<arg>${order_id}</arg>
<doc>Catenates the given items together and returns the resulted string.</doc>
<status status="PASS" start="2026-09-04T08:09:43.933169" elapsed="0.000208"/>
</kw>
<kw name="Api Get" owner="EcommerceLibrary">
<msg time="2026-09-04T08:09:43.981317" level="INFO">HTTP Request: POST http://localhost:8000/api/v1/auth/login "HTTP/1.1 200 OK"</msg>
<msg time="2026-09-04T08:09:43.989164" level="INFO">HTTP Request: GET http://localhost:8000/api/v1/stores/1/orders "HTTP/1.1 200 OK"</msg>
<msg time="2026-09-04T08:09:43.989511" level="INFO">${orders} = [{'id': 1, 'store_id': 1, 'status': 'pending', 'lines': [{'id': 1, 'product_id': 1, 'quantity': 1, 'unit_price_cents': 8999}, {'id': 2, 'product_id': 2, 'quantity': 2, 'unit_price_cents': 12999}], 'no...</msg>
<var>${orders}</var>
<arg>/api/v1/stores/${store_id}/orders</arg>
<arg>delivery_manager</arg>
<status status="PASS" start="2026-09-04T08:09:43.933472" elapsed="0.056069"/>
</kw>
<kw name="Last Api Status Should Be" owner="EcommerceLibrary">
<arg>200</arg>
<status status="PASS" start="2026-09-04T08:09:43.989695" elapsed="0.000196"/>
</kw>
<kw name="Should Not Be Empty" owner="BuiltIn">
<msg time="2026-09-04T08:09:43.990101" level="INFO">Length is 6.</msg>
<arg>${orders}</arg>
<doc>Verifies that the given item is not empty.</doc>
<status status="PASS" start="2026-09-04T08:09:43.989983" elapsed="0.000159"/>
</kw>
<kw name="Last Api Body Should Not Contain" owner="EcommerceLibrary">
<arg>customer_email</arg>
<status status="PASS" start="2026-09-04T08:09:43.990260" elapsed="0.000134"/>
</kw>
<kw name="Last Api Body Should Not Contain" owner="EcommerceLibrary">
<arg>shipping_address</arg>
<status status="PASS" start="2026-09-04T08:09:43.990470" elapsed="0.000080"/>
</kw>
<kw name="Last Api Body Should Not Contain" owner="EcommerceLibrary">
<arg>${customer_email}</arg>
<status status="PASS" start="2026-09-04T08:09:43.990619" elapsed="0.000367"/>
</kw>
<kw name="Get Shipping Quote" owner="EcommerceLibrary">
<msg time="2026-09-04T08:09:43.995410" level="INFO">HTTP Request: POST http://localhost:8000/api/v1/shipping/quote "HTTP/1.1 403 Forbidden"</msg>
<arg>delivery_manager</arg>
<status status="PASS" start="2026-09-04T08:09:43.991119" elapsed="0.004474"/>
</kw>
<kw name="Last Api Status Should Be" owner="EcommerceLibrary">
<arg>403</arg>
<status status="PASS" start="2026-09-04T08:09:43.995680" elapsed="0.000099"/>
</kw>
<kw name="Api Post" owner="EcommerceLibrary">
<msg time="2026-09-04T08:09:43.999916" level="INFO">HTTP Request: POST http://localhost:8000/api/v1/stores/1/orders/checkout "HTTP/1.1 403 Forbidden"</msg>
<arg>/api/v1/stores/${store_id}/orders/checkout</arg>
<arg>delivery_manager</arg>
<arg>{"lines":[{"product_id":${product_id},"quantity":1}],"shipping_address":"denied"}</arg>
<status status="PASS" start="2026-09-04T08:09:43.995856" elapsed="0.004239"/>
</kw>
<kw name="Last Api Status Should Be" owner="EcommerceLibrary">
<arg>403</arg>
<status status="PASS" start="2026-09-04T08:09:44.000184" elapsed="0.000142"/>
</kw>
<kw name="Web Login As Persona" owner="EcommerceLibrary">
<msg time="2026-09-04T08:09:44.071414" level="INFO">HTTP Request: POST http://localhost:8080/login "HTTP/1.1 303 See Other"</msg>
<msg time="2026-09-04T08:09:44.086862" level="INFO">HTTP Request: GET http://localhost:8080/dashboard "HTTP/1.1 200 OK"</msg>
<arg>delivery_manager</arg>
<doc>Authenticate via the Jinja login form and land on the dashboard.</doc>
<status status="PASS" start="2026-09-04T08:09:44.000407" elapsed="0.086752"/>
</kw>
<kw name="Web Open Path" owner="EcommerceLibrary">
<msg time="2026-09-04T08:09:44.115543" level="INFO">HTTP Request: GET http://localhost:8080/stores/1/orders "HTTP/1.1 200 OK"</msg>
<arg>/stores/${store_id}/orders</arg>
<status status="PASS" start="2026-09-04T08:09:44.087374" elapsed="0.028531"/>
</kw>
<kw name="Last Web Status Should Be" owner="EcommerceLibrary">
<arg>200</arg>
<status status="PASS" start="2026-09-04T08:09:44.116049" elapsed="0.000192"/>
</kw>
<kw name="Last Web Body Should Contain" owner="EcommerceLibrary">
<arg>(anonymized)</arg>
<status status="PASS" start="2026-09-04T08:09:44.116349" elapsed="0.000106"/>
</kw>
<kw name="Last Web Body Should Contain" owner="EcommerceLibrary">
<arg>${order_marker}</arg>
<status status="PASS" start="2026-09-04T08:09:44.116544" elapsed="0.000141"/>
</kw>
<kw name="Last Web Body Should Not Contain" owner="EcommerceLibrary">
<arg>${customer_email}</arg>
<status status="PASS" start="2026-09-04T08:09:44.116770" elapsed="0.000128"/>
</kw>
<tag>e2e</tag>
<tag>feature:orders</tag>
<tag>persona:delivery_manager</tag>
<status status="PASS" start="2026-09-04T08:09:43.911180" elapsed="0.205825"/>
</test>
<doc>Delivery-manager privacy-safe order visibility journeys.</doc>
<status status="PASS" start="2026-09-04T08:09:43.909519" elapsed="0.207824"/>
</suite>
<suite id="s1-s5" name="Security Misconfiguration" source="/home/runner/work/cybersecurity-prep-project/cybersecurity-prep-project/tests/e2e/security_misconfiguration.robot">
<test id="s1-s5-t1" name="Web Responses Emit CSP And HSTS" line="6">
<kw name="Web Open Path" owner="EcommerceLibrary">
<msg time="2026-09-04T08:09:44.123324" level="INFO">HTTP Request: GET http://localhost:8080/login "HTTP/1.1 200 OK"</msg>
<arg>/login</arg>
<status status="PASS" start="2026-09-04T08:09:44.119771" elapsed="0.003782"/>
</kw>
<kw name="Last Web Status Should Be" owner="EcommerceLibrary">
<arg>200</arg>
<status status="PASS" start="2026-09-04T08:09:44.123653" elapsed="0.000111"/>
</kw>
<kw name="Last Web Header Should Match" owner="EcommerceLibrary">
<arg>content-security-policy</arg>
<arg>default-src 'self'</arg>
<status status="PASS" start="2026-09-04T08:09:44.123844" elapsed="0.000176"/>
</kw>
<kw name="Last Web Header Should Match" owner="EcommerceLibrary">
<arg>content-security-policy</arg>
<arg>object-src 'none'</arg>
<status status="PASS" start="2026-09-04T08:09:44.124100" elapsed="0.000195"/>
</kw>
<kw name="Last Web Header Should Match" owner="EcommerceLibrary">
<arg>strict-transport-security</arg>
<arg>max-age=</arg>
<status status="PASS" start="2026-09-04T08:09:44.124379" elapsed="0.000142"/>
</kw>
<tag>e2e</tag>
<tag>feature:misconfig</tag>
<tag>negative</tag>
<tag>owasp:a02</tag>
<status status="PASS" start="2026-09-04T08:09:44.119468" elapsed="0.005145"/>
</test>
<test id="s1-s5-t2" name="Web Session Cookie Is Marked Secure" line="14">
<kw name="Capture Web Login Set Cookie" owner="EcommerceLibrary">
<msg time="2026-09-04T08:09:44.199683" level="INFO">HTTP Request: POST http://localhost:8080/login "HTTP/1.1 303 See Other"</msg>
<msg time="2026-09-04T08:09:44.200302" level="INFO">${cookie} = session=eyJhY2Nlc3NfdG9rZW4iOiAiZXlKaGJHY2lPaUpJVXpJMU5pSXNJblI1Y0NJNklrcFhWQ0o5LmV5SnpkV0lpT2lJMUlpd2laVzFoYVd3aU9pSmpkWE4wYjIxbGNqRkFaWGhoYlhCc1pTNWpiMjBpTENKeWIyeGxJam9pWTNWemRHOXRaWElpTENKcFlYUWlP...</msg>
<var>${cookie}</var>
<arg>customer</arg>
<doc>Login without following redirects so Set-Cookie can be inspected.</doc>
<status status="PASS" start="2026-09-04T08:09:44.125191" elapsed="0.075145"/>
</kw>
<kw name="Should Contain" owner="BuiltIn">
<arg>${cookie.lower()}</arg>
<arg>secure</arg>
<doc>Fails if ``container`` does not contain ``item`` one or more times.</doc>
<status status="PASS" start="2026-09-04T08:09:44.200521" elapsed="0.000477"/>
</kw>
<kw name="Should Contain" owner="BuiltIn">
<arg>${cookie.lower()}</arg>
<arg>httponly</arg>
<doc>Fails if ``container`` does not contain ``item`` one or more times.</doc>
<status status="PASS" start="2026-09-04T08:09:44.201090" elapsed="0.000390"/>
</kw>
<tag>e2e</tag>
<tag>feature:misconfig</tag>
<tag>negative</tag>
<tag>owasp:a02</tag>
<status status="PASS" start="2026-09-04T08:09:44.124832" elapsed="0.076748"/>
</test>
<test id="s1-s5-t3" name="Api Health Remains Public While Auth Stays Protected" line="20">
<kw name="Api Get" owner="EcommerceLibrary">
<msg time="2026-09-04T08:09:44.203619" level="INFO">HTTP Request: GET http://localhost:8000/health "HTTP/1.1 200 OK"</msg>
<msg time="2026-09-04T08:09:44.203832" level="INFO">${health} = {'status': 'ok', 'version': '0.1.0'}</msg>
<var>${health}</var>
<arg>/health</arg>
<status status="PASS" start="2026-09-04T08:09:44.202162" elapsed="0.001691"/>
</kw>
<kw name="Last Api Status Should Be" owner="EcommerceLibrary">
<arg>200</arg>
<status status="PASS" start="2026-09-04T08:09:44.203938" elapsed="0.000105"/>
</kw>
<kw name="Should Be Equal" owner="BuiltIn">
<arg>${health}[status]</arg>
<arg>ok</arg>
<doc>Fails if the given objects are unequal.</doc>
<status status="PASS" start="2026-09-04T08:09:44.204130" elapsed="0.000186"/>
</kw>
<kw name="Api Get" owner="EcommerceLibrary">
<msg time="2026-09-04T08:09:44.206286" level="INFO">HTTP Request: GET http://localhost:8000/api/v1/admin/users "HTTP/1.1 401 Unauthorized"</msg>
<arg>/api/v1/admin/users</arg>
<status status="PASS" start="2026-09-04T08:09:44.204396" elapsed="0.002066"/>
</kw>
<kw name="Last Api Status Should Be" owner="EcommerceLibrary">
<arg>401</arg>
<status status="PASS" start="2026-09-04T08:09:44.206546" elapsed="0.000101"/>
</kw>
<tag>e2e</tag>
<tag>feature:misconfig</tag>
<tag>owasp:a02</tag>
<status status="PASS" start="2026-09-04T08:09:44.201794" elapsed="0.004940"/>
</test>
<doc>E2E checks for security misconfiguration hardening (OWASP A02).</doc>
<status status="PASS" start="2026-09-04T08:09:44.117795" elapsed="0.089219"/>
</suite>
<suite id="s1-s6" name="Store Owner Catalog" source="/home/runner/work/cybersecurity-prep-project/cybersecurity-prep-project/tests/e2e/store_owner_catalog.robot">
<test id="s1-s6-t1" name="Store Owner Manages Own Catalog And Orders" line="6">
<kw name="Get Current User Profile" owner="EcommerceLibrary">
<msg time="2026-09-04T08:09:44.213147" level="INFO">HTTP Request: GET http://localhost:8000/api/v1/auth/me "HTTP/1.1 200 OK"</msg>
<msg time="2026-09-04T08:09:44.213397" level="INFO">${profile} = {'id': 3, 'email': 'owner1@example.com', 'role': 'store_owner', 'full_name': 'Olivia Owner', 'store_id': 1}</msg>
<var>${profile}</var>
<arg>store_owner_primary</arg>
<status status="PASS" start="2026-09-04T08:09:44.209357" elapsed="0.004062"/>
</kw>
<kw name="Should Be Equal" owner="BuiltIn">
<arg>${profile}[role]</arg>
<arg>store_owner</arg>
<doc>Fails if the given objects are unequal.</doc>
<status status="PASS" start="2026-09-04T08:09:44.213552" elapsed="0.000147"/>
</kw>
<kw name="Set Variable" owner="BuiltIn">
<msg time="2026-09-04T08:09:44.213913" level="INFO">${store_id} = 1</msg>
<var>${store_id}</var>
<arg>${profile}[store_id]</arg>
<doc>Returns the given values which can then be assigned to a variables.</doc>
<status status="PASS" start="2026-09-04T08:09:44.213787" elapsed="0.000144"/>
</kw>
<kw name="Should Be True" owner="BuiltIn">
<arg>${store_id} &gt; 0</arg>
<doc>Fails if the given condition is not true.</doc>
<status status="PASS" start="2026-09-04T08:09:44.214008" elapsed="0.000144"/>
</kw>
<kw name="Create Product For Owner" owner="EcommerceLibrary">
<msg time="2026-09-04T08:09:44.222012" level="INFO">HTTP Request: POST http://localhost:8000/api/v1/stores/1/products "HTTP/1.1 201 Created"</msg>
<msg time="2026-09-04T08:09:44.222267" level="INFO">${product} = {'id': 25, 'store_id': 1, 'name': 'E2E Widget 18a8f0f0', 'description': 'e2e catalog item', 'price_cents': 1500, 'is_active': True, 'stock_quantity': 25}</msg>
<var>${product}</var>
<arg>store_owner_primary</arg>
<arg>${store_id}</arg>
<status status="PASS" start="2026-09-04T08:09:44.214256" elapsed="0.008037"/>
</kw>
<kw name="Should Be Equal As Integers" owner="BuiltIn">
<arg>${product}[store_id]</arg>
<arg>${store_id}</arg>
<doc>Fails if objects are unequal after converting them to integers.</doc>
<status status="PASS" start="2026-09-04T08:09:44.222388" elapsed="0.000168"/>
</kw>
<kw name="Should Be Equal" owner="BuiltIn">
<arg>${product}[name]</arg>
<arg>${product}[name]</arg>
<doc>Fails if the given objects are unequal.</doc>
<status status="PASS" start="2026-09-04T08:09:44.222644" elapsed="0.000152"/>
</kw>
<kw name="List Products For Store" owner="EcommerceLibrary">
<msg time="2026-09-04T08:09:44.227943" level="INFO">HTTP Request: GET http://localhost:8000/api/v1/stores/1/products "HTTP/1.1 200 OK"</msg>
<msg time="2026-09-04T08:09:44.228189" level="INFO">${products} = [{'id': 1, 'store_id': 1, 'name': 'NW Trail Backpack', 'description': 'Durable daypack for daily carry.', 'price_cents': 8999, 'is_active': True, 'stock_quantity': 0}, {'id': 2, 'store_id': 1, 'name':...</msg>
<var>${products}</var>
<arg>store_owner_primary</arg>
<arg>${store_id}</arg>
<status status="PASS" start="2026-09-04T08:09:44.222877" elapsed="0.005370"/>
</kw>
<kw name="Last Api Status Should Be" owner="EcommerceLibrary">
<arg>200</arg>
<status status="PASS" start="2026-09-04T08:09:44.228339" elapsed="0.000100"/>
</kw>
<kw name="Should Not Be Empty" owner="BuiltIn">
<msg time="2026-09-04T08:09:44.228626" level="INFO">Length is 13.</msg>
<arg>${products}</arg>
<doc>Verifies that the given item is not empty.</doc>
<status status="PASS" start="2026-09-04T08:09:44.228519" elapsed="0.000142"/>
</kw>
<kw name="Get Current User Profile" owner="EcommerceLibrary">
<msg time="2026-09-04T08:09:44.232288" level="INFO">HTTP Request: GET http://localhost:8000/api/v1/auth/me "HTTP/1.1 200 OK"</msg>
<msg time="2026-09-04T08:09:44.232507" level="INFO">${customer_profile} = {'id': 5, 'email': 'customer1@example.com', 'role': 'customer', 'full_name': 'Carla Customer', 'store_id': 1}</msg>
<var>${customer_profile}</var>
<arg>customer</arg>
<status status="PASS" start="2026-09-04T08:09:44.228737" elapsed="0.003793"/>
</kw>
<kw name="Set Variable" owner="BuiltIn">
<msg time="2026-09-04T08:09:44.232764" level="INFO">${customer_store} = 1</msg>
<var>${customer_store}</var>
<arg>${customer_profile}[store_id]</arg>
<doc>Returns the given values which can then be assigned to a variables.</doc>
<status status="PASS" start="2026-09-04T08:09:44.232622" elapsed="0.000162"/>
</kw>
<kw name="Find In Stock Product" owner="EcommerceLibrary">
<msg time="2026-09-04T08:09:44.237785" level="INFO">HTTP Request: GET http://localhost:8000/api/v1/stores/1/products "HTTP/1.1 200 OK"</msg>
<msg time="2026-09-04T08:09:44.238023" level="INFO">${product} = {'id': 2, 'store_id': 1, 'name': 'NW Softshell Jacket', 'description': 'Wind-resistant layer for cool weather.', 'price_cents': 12999, 'is_active': True, 'stock_quantity': 23}</msg>
<var>${product}</var>
<arg>customer</arg>
<arg>${customer_store}</arg>
<doc>Return an in-stock catalog item, creating one when the shelf is empty.</doc>
<status status="PASS" start="2026-09-04T08:09:44.232865" elapsed="0.005181"/>
</kw>
<kw name="Set Variable" owner="BuiltIn">
<msg time="2026-09-04T08:09:44.238333" level="INFO">${customer_product_id} = 2</msg>
<var>${customer_product_id}</var>
<arg>${product}[id]</arg>
<doc>Returns the given values which can then be assigned to a variables.</doc>
<status status="PASS" start="2026-09-04T08:09:44.238145" elapsed="0.000208"/>
</kw>
<kw name="Checkout Product For Customer" owner="EcommerceLibrary">
<msg time="2026-09-04T08:09:44.249819" level="INFO">HTTP Request: POST http://localhost:8000/api/v1/stores/1/orders/checkout "HTTP/1.1 201 Created"</msg>
<msg time="2026-09-04T08:09:44.250050" level="INFO">${checkout} = {'order': {'id': 11, 'store_id': 1, 'customer_user_id': 5, 'status': 'pending', 'customer_email': 'customer1@example.com', 'customer_full_name': 'Carla Customer', 'shipping_address': 'E2E Purchase Way...</msg>
<var>${checkout}</var>
<arg>${customer_store}</arg>
<arg>${customer_product_id}</arg>
<arg>1</arg>
<status status="PASS" start="2026-09-04T08:09:44.238436" elapsed="0.011639"/>
</kw>
<kw name="Set Variable" owner="BuiltIn">
<msg time="2026-09-04T08:09:44.250363" level="INFO">${order_id} = 11</msg>
<var>${order_id}</var>
<arg>${checkout}[order][id]</arg>
<doc>Returns the given values which can then be assigned to a variables.</doc>
<status status="PASS" start="2026-09-04T08:09:44.250176" elapsed="0.000208"/>
</kw>
<if>
<branch type="IF" condition="${store_id} == ${customer_store}">
<kw name="Update Order Status" owner="EcommerceLibrary">
<msg time="2026-09-04T08:09:44.260252" level="INFO">HTTP Request: PATCH http://localhost:8000/api/v1/orders/11/status "HTTP/1.1 200 OK"</msg>
<arg>store_owner_primary</arg>
<arg>${order_id}</arg>
<arg>confirmed</arg>
<status status="PASS" start="2026-09-04T08:09:44.250703" elapsed="0.009743"/>
</kw>
<kw name="Last Api Status Should Be" owner="EcommerceLibrary">
<arg>200</arg>
<status status="PASS" start="2026-09-04T08:09:44.260543" elapsed="0.000104"/>
</kw>
<status status="PASS" start="2026-09-04T08:09:44.250510" elapsed="0.010167"/>
</branch>
<status status="PASS" start="2026-09-04T08:09:44.250470" elapsed="0.010238"/>
</if>
<kw name="Web Login As Persona" owner="EcommerceLibrary">
<msg time="2026-09-04T08:09:44.354685" level="INFO">HTTP Request: POST http://localhost:8080/login "HTTP/1.1 303 See Other"</msg>
<msg time="2026-09-04T08:09:44.374163" level="INFO">HTTP Request: GET http://localhost:8080/dashboard "HTTP/1.1 200 OK"</msg>
<arg>store_owner_primary</arg>
<doc>Authenticate via the Jinja login form and land on the dashboard.</doc>
<status status="PASS" start="2026-09-04T08:09:44.260786" elapsed="0.113728"/>
</kw>
<kw name="Web Open Path" owner="EcommerceLibrary">
<msg time="2026-09-04T08:09:44.400656" level="INFO">HTTP Request: GET http://localhost:8080/stores/1 "HTTP/1.1 200 OK"</msg>
<arg>/stores/${store_id}</arg>
<status status="PASS" start="2026-09-04T08:09:44.374683" elapsed="0.026276"/>
</kw>
<kw name="Last Web Status Should Be" owner="EcommerceLibrary">
<arg>200</arg>
<status status="PASS" start="2026-09-04T08:09:44.401106" elapsed="0.000207"/>
</kw>
<kw name="Last Web Body Should Contain" owner="EcommerceLibrary">
<arg>${product}[name]</arg>
<status status="PASS" start="2026-09-04T08:09:44.401409" elapsed="0.000148"/>
</kw>
<kw name="Web Open Path" owner="EcommerceLibrary">
<msg time="2026-09-04T08:09:44.431352" level="INFO">HTTP Request: GET http://localhost:8080/stores/1/orders "HTTP/1.1 200 OK"</msg>
<arg>/stores/${store_id}/orders</arg>
<status status="PASS" start="2026-09-04T08:09:44.401634" elapsed="0.030019"/>
</kw>
<kw name="Last Web Status Should Be" owner="EcommerceLibrary">
<arg>200</arg>
<status status="PASS" start="2026-09-04T08:09:44.431781" elapsed="0.000136"/>
</kw>
<kw name="Last Web Body Should Contain" owner="EcommerceLibrary">
<arg>Orders</arg>
<status status="PASS" start="2026-09-04T08:09:44.432055" elapsed="0.000097"/>
</kw>
<tag>e2e</tag>
<tag>feature:catalog</tag>
<tag>persona:store_owner</tag>
<status status="PASS" start="2026-09-04T08:09:44.209004" elapsed="0.223283"/>
</test>
<doc>Store-owner catalog and order management journeys.</doc>
<status status="PASS" start="2026-09-04T08:09:44.207498" elapsed="0.225085"/>
</suite>
<doc>E2E suite root: require a healthy seeded API + web stack.</doc>
<status status="PASS" start="2026-09-04T08:09:43.013320" elapsed="1.419816"/>
</suite>
<statistics>
<total>
<stat pass="11" fail="0" skip="0">All Tests</stat>
</total>
<tag>
<stat pass="11" fail="0" skip="0">e2e</stat>
<stat pass="2" fail="0" skip="0">feature:admin</stat>
<stat pass="1" fail="0" skip="0">feature:auth</stat>
<stat pass="2" fail="0" skip="0">feature:catalog</stat>
<stat pass="2" fail="0" skip="0">feature:checkout</stat>
<stat pass="3" fail="0" skip="0">feature:misconfig</stat>
<stat pass="1" fail="0" skip="0">feature:orders</stat>
<stat pass="6" fail="0" skip="0">negative</stat>
<stat pass="4" fail="0" skip="0">owasp:a01</stat>
<stat pass="3" fail="0" skip="0">owasp:a02</stat>
<stat pass="1" fail="0" skip="0">persona:admin</stat>
<stat pass="1" fail="0" skip="0">persona:customer</stat>
<stat pass="1" fail="0" skip="0">persona:delivery_manager</stat>
<stat pass="1" fail="0" skip="0">persona:store_owner</stat>
</tag>
<suite>
<stat pass="11" fail="0" skip="0" id="s1" name="E2E">E2E</stat>
<stat pass="4" fail="0" skip="0" id="s1-s1" name="Access Control Negative">E2E.Access Control Negative</stat>
<stat pass="1" fail="0" skip="0" id="s1-s2" name="Admin Governance">E2E.Admin Governance</stat>
<stat pass="1" fail="0" skip="0" id="s1-s3" name="Customer Purchase">E2E.Customer Purchase</stat>
<stat pass="1" fail="0" skip="0" id="s1-s4" name="Delivery Privacy">E2E.Delivery Privacy</stat>
<stat pass="3" fail="0" skip="0" id="s1-s5" name="Security Misconfiguration">E2E.Security Misconfiguration</stat>
<stat pass="1" fail="0" skip="0" id="s1-s6" name="Store Owner Catalog">E2E.Store Owner Catalog</stat>
</suite>
</statistics>
<errors>
</errors>
</robot>
