<?xml version="1.0" encoding="utf-8"?><testsuites name="pytest tests"><testsuite name="pytest" errors="0" failures="0" skipped="0" tests="4" time="0.956" timestamp="2026-08-23T04:09:41.905929+00:00" hostname="runnervm76f27"><testcase classname="tests.performance.test_extended_load" name="test_list_orders_scales_for_admin_and_delivery" time="0.462" /><testcase classname="tests.performance.test_extended_load" name="test_checkout_burst_under_slo" time="0.057" /><testcase classname="tests.performance.test_extended_load" name="test_shipping_quote_burst_under_slo" time="0.014" /><testcase classname="tests.performance.test_extended_load" name="test_argon2_login_burst_under_slo" time="0.318" /></testsuite></testsuites>